<?xml version="1.0" encoding="UTF-8"?>
<testsuites name="Test Suite for Visual Checkpoints" time="30.686" tests="3" failures="0" errors="0">
   <testsuite name="Test Suite for Visual Checkpoints" tests="3" failures="0" errors="0" time="30.686" skipped="0" timestamp="2023-12-02 11:56:25" hostname="p80000642 - INBJHL80000642.CORP.DRREDDYS.COM" id="Test Suites/Test Suite for Visual Checkpoints">
      <properties>
         <property name="deviceName" value=""/>
         <property name="devicePlatform" value=""/>
         <property name="logFolder" value="C:\\Users\\p80000642\\Katalon Studio\\My First Web UI Project\\Reports\\20231202_115618\\Test Suite for Visual Checkpoints\\20231202_115619"/>
         <property name="logFiles" value="C:\\Users\\p80000642\\Katalon Studio\\My First Web UI Project\\Reports\\20231202_115618\\Test Suite for Visual Checkpoints\\20231202_115619\\execution0.log"/>
         <property name="attachments" value="keyes\keyes-HomePage checkpoint.png, keyes\keyes-Login checkpoint.png, keyes\keyes-Admin checkpoint.png"/>
         <property name="hostName" value="p80000642 - INBJHL80000642.CORP.DRREDDYS.COM"/>
         <property name="os" value="Windows 10 64bit"/>
         <property name="katalonVersion" value="9.0.0.212"/>
         <property name="browser" value="Chrome 119.0.0.0"/>
         <property name="hostAddress" value="192.168.0.106"/>
         <property name="sessionId" value="a56ce37862ae86aaeccc708c99034181"/>
         <property name="seleniumVersion" value="3.141.59"/>
         <property name="proxyInformation" value="ProxyInformation { proxyOption=NO_PROXY, proxyServerType=HTTP, username=, password=********, proxyServerAddress=, proxyServerPort=0, executionList=&quot;&quot;, isApplyToDesiredCapabilities=true }"/>
         <property name="platform" value="Windows 10"/>
      </properties>
      <testcase name="Test Cases/Visual Checkpoints 1" time="12.252" classname="Test Cases/Visual Checkpoints 1" status="PASSED">
         <system-out><![CDATA[2023-12-02 11:56:25 - [TEST_CASE][PASSED] - Test Cases/Visual Checkpoints 1: Test Cases/Visual Checkpoints 1

2023-12-02 11:56:25 - [TEST_STEP][PASSED] - openBrowser(""): Browser is opened with url: ''

2023-12-02 11:56:25 - [MESSAGE][INFO] - Starting 'Chrome' driver

2023-12-02 11:56:25 - [MESSAGE][INFO] - Action delay is set to 0 milliseconds

2023-12-02 11:56:27 - [MESSAGE][PASSED] - Browser is opened with url: ''

2023-12-02 11:56:27 - [TEST_STEP][PASSED] - navigateToUrl("https://opensource-demo.orangehrmlive.com/web/index.php/auth/login"): Navigate to 'https://opensource-demo.orangehrmlive.com/web/index.php/auth/login' successfully

2023-12-02 11:56:31 - [MESSAGE][PASSED] - Navigate to 'https://opensource-demo.orangehrmlive.com/web/index.php/auth/login' successfully

2023-12-02 11:56:31 - [TEST_STEP][PASSED] - waitForPageLoad(100): Wait for page load successfully

2023-12-02 11:56:31 - [MESSAGE][PASSED] - Wait for page load successfully

2023-12-02 11:56:31 - [TEST_STEP][PASSED] - waitForElementPresent(findTestObject("Object Repository/Page_OrangeHRM/input_username"), 100): Object 'Object Repository/Page_OrangeHRM/input_username' is present

2023-12-02 11:56:32 - [MESSAGE][PASSED] - Object 'Object Repository/Page_OrangeHRM/input_username' is present

2023-12-02 11:56:32 - [TEST_STEP][PASSED] - setText(findTestObject("Object Repository/Page_OrangeHRM/input_username"), "Admin"): Text 'Admin' is set on object 'Object Repository/Page_OrangeHRM/input_username'

2023-12-02 11:56:32 - [MESSAGE][PASSED] - Text 'Admin' is set on object 'Object Repository/Page_OrangeHRM/input_username'

2023-12-02 11:56:32 - [TEST_STEP][PASSED] - setEncryptedText(findTestObject("Object Repository/Page_OrangeHRM/Page_OrangeHRM/input_Password_password"), "hUKwJTbofgPU9eVlw/CnDQ=="): Text ****** has been set on object 'Object Repository/Page_OrangeHRM/Page_OrangeHRM/input_Password_password'

2023-12-02 11:56:33 - [MESSAGE][PASSED] - Text ****** has been set on object 'Object Repository/Page_OrangeHRM/Page_OrangeHRM/input_Password_password'

2023-12-02 11:56:33 - [TEST_STEP][PASSED] - waitForElementClickable(findTestObject("Object Repository/Page_OrangeHRM/button_Login"), 50): Object 'Object Repository/Page_OrangeHRM/button_Login' is clickable

2023-12-02 11:56:33 - [MESSAGE][PASSED] - Object 'Object Repository/Page_OrangeHRM/button_Login' is clickable

2023-12-02 11:56:33 - [TEST_STEP][PASSED] - click(findTestObject("Object Repository/Page_OrangeHRM/button_Login")): Object: 'Object Repository/Page_OrangeHRM/button_Login' is clicked on

2023-12-02 11:56:33 - [MESSAGE][PASSED] - Object: 'Object Repository/Page_OrangeHRM/button_Login' is clicked on

2023-12-02 11:56:33 - [TEST_STEP][PASSED] - waitForPageLoad(100): Wait for page load successfully

2023-12-02 11:56:35 - [MESSAGE][PASSED] - Wait for page load successfully

2023-12-02 11:56:35 - [TEST_STEP][PASSED] - takeScreenshotAsCheckpoint("HomePage checkpoint"): Taking screenshot successfully

2023-12-02 11:56:37 - [MESSAGE][INFO] - 0 hidden object(s)

2023-12-02 11:56:37 - [MESSAGE][PASSED] - Taking screenshot successfully
[[ATTACHMENT|keyes\keyes-HomePage checkpoint.png]]

2023-12-02 11:56:37 - [TEST_STEP][PASSED] - closeBrowser(): Browser is closed

2023-12-02 11:56:37 - [MESSAGE][PASSED] - Browser is closed]]></system-out>
         <system-err><![CDATA[]]></system-err>
      </testcase>
      <testcase name="Test Cases/Visual Checkpoints 2" time="4.665" classname="Test Cases/Visual Checkpoints 2" status="PASSED">
         <system-out><![CDATA[2023-12-02 11:56:37 - [TEST_CASE][PASSED] - Test Cases/Visual Checkpoints 2: Test Cases/Visual Checkpoints 2

2023-12-02 11:56:37 - [TEST_STEP][PASSED] - openBrowser(""): Browser is opened with url: ''

2023-12-02 11:56:37 - [MESSAGE][INFO] - Starting 'Chrome' driver

2023-12-02 11:56:37 - [MESSAGE][INFO] - Action delay is set to 0 milliseconds

2023-12-02 11:56:38 - [MESSAGE][PASSED] - Browser is opened with url: ''

2023-12-02 11:56:38 - [TEST_STEP][PASSED] - navigateToUrl("https://opensource-demo.orangehrmlive.com/web/index.php/auth/login"): Navigate to 'https://opensource-demo.orangehrmlive.com/web/index.php/auth/login' successfully

2023-12-02 11:56:41 - [MESSAGE][PASSED] - Navigate to 'https://opensource-demo.orangehrmlive.com/web/index.php/auth/login' successfully

2023-12-02 11:56:41 - [TEST_STEP][PASSED] - waitForPageLoad(100): Wait for page load successfully

2023-12-02 11:56:41 - [MESSAGE][PASSED] - Wait for page load successfully

2023-12-02 11:56:41 - [TEST_STEP][PASSED] - takeScreenshotAsCheckpoint("Login checkpoint"): Taking screenshot successfully

2023-12-02 11:56:42 - [MESSAGE][INFO] - 0 hidden object(s)

2023-12-02 11:56:42 - [MESSAGE][PASSED] - Taking screenshot successfully
[[ATTACHMENT|keyes\keyes-Login checkpoint.png]]

2023-12-02 11:56:42 - [TEST_STEP][PASSED] - closeBrowser(): Browser is closed

2023-12-02 11:56:42 - [MESSAGE][PASSED] - Browser is closed]]></system-out>
         <system-err><![CDATA[]]></system-err>
      </testcase>
      <testcase name="Test Cases/Visual Checkpoints 3" time="13.606" classname="Test Cases/Visual Checkpoints 3" status="PASSED">
         <system-out><![CDATA[2023-12-02 11:56:42 - [TEST_CASE][PASSED] - Test Cases/Visual Checkpoints 3: Test Cases/Visual Checkpoints 3

2023-12-02 11:56:42 - [TEST_STEP][PASSED] - openBrowser(""): Browser is opened with url: ''

2023-12-02 11:56:42 - [MESSAGE][INFO] - Starting 'Chrome' driver

2023-12-02 11:56:42 - [MESSAGE][INFO] - Action delay is set to 0 milliseconds

2023-12-02 11:56:43 - [MESSAGE][PASSED] - Browser is opened with url: ''

2023-12-02 11:56:43 - [TEST_STEP][PASSED] - navigateToUrl("https://opensource-demo.orangehrmlive.com/web/index.php/auth/login"): Navigate to 'https://opensource-demo.orangehrmlive.com/web/index.php/auth/login' successfully

2023-12-02 11:56:46 - [MESSAGE][PASSED] - Navigate to 'https://opensource-demo.orangehrmlive.com/web/index.php/auth/login' successfully

2023-12-02 11:56:46 - [TEST_STEP][PASSED] - waitForPageLoad(100): Wait for page load successfully

2023-12-02 11:56:46 - [MESSAGE][PASSED] - Wait for page load successfully

2023-12-02 11:56:46 - [TEST_STEP][PASSED] - waitForElementPresent(findTestObject("Object Repository/Page_OrangeHRM/input_username"), 100): Object 'Object Repository/Page_OrangeHRM/input_username' is present

2023-12-02 11:56:48 - [MESSAGE][PASSED] - Object 'Object Repository/Page_OrangeHRM/input_username' is present

2023-12-02 11:56:48 - [TEST_STEP][PASSED] - setText(findTestObject("Object Repository/Page_OrangeHRM/input_username"), "Admin"): Text 'Admin' is set on object 'Object Repository/Page_OrangeHRM/input_username'

2023-12-02 11:56:48 - [MESSAGE][PASSED] - Text 'Admin' is set on object 'Object Repository/Page_OrangeHRM/input_username'

2023-12-02 11:56:48 - [TEST_STEP][PASSED] - setEncryptedText(findTestObject("Object Repository/Page_OrangeHRM/Page_OrangeHRM/input_Password_password"), "hUKwJTbofgPU9eVlw/CnDQ=="): Text ****** has been set on object 'Object Repository/Page_OrangeHRM/Page_OrangeHRM/input_Password_password'

2023-12-02 11:56:49 - [MESSAGE][PASSED] - Text ****** has been set on object 'Object Repository/Page_OrangeHRM/Page_OrangeHRM/input_Password_password'

2023-12-02 11:56:49 - [TEST_STEP][PASSED] - waitForElementClickable(findTestObject("Object Repository/Page_OrangeHRM/button_Login"), 50): Object 'Object Repository/Page_OrangeHRM/button_Login' is clickable

2023-12-02 11:56:49 - [MESSAGE][PASSED] - Object 'Object Repository/Page_OrangeHRM/button_Login' is clickable

2023-12-02 11:56:49 - [TEST_STEP][PASSED] - click(findTestObject("Object Repository/Page_OrangeHRM/button_Login")): Object: 'Object Repository/Page_OrangeHRM/button_Login' is clicked on

2023-12-02 11:56:51 - [MESSAGE][PASSED] - Object: 'Object Repository/Page_OrangeHRM/button_Login' is clicked on

2023-12-02 11:56:51 - [TEST_STEP][PASSED] - click(findTestObject("Object Repository/Page_OrangeHRM/span_Admin")): Object: 'Object Repository/Page_OrangeHRM/span_Admin' is clicked on

2023-12-02 11:56:54 - [MESSAGE][PASSED] - Object: 'Object Repository/Page_OrangeHRM/span_Admin' is clicked on

2023-12-02 11:56:54 - [TEST_STEP][PASSED] - takeScreenshotAsCheckpoint("Admin checkpoint"): Taking screenshot successfully

2023-12-02 11:56:55 - [MESSAGE][INFO] - 0 hidden object(s)

2023-12-02 11:56:55 - [MESSAGE][PASSED] - Taking screenshot successfully
[[ATTACHMENT|keyes\keyes-Admin checkpoint.png]]

2023-12-02 11:56:55 - [TEST_STEP][PASSED] - closeBrowser(): Browser is closed

2023-12-02 11:56:55 - [MESSAGE][PASSED] - Browser is closed]]></system-out>
         <system-err><![CDATA[]]></system-err>
      </testcase>
      <system-out><![CDATA[2023-12-02 11:56:25 - [TEST_SUITE][PASSED] - Test Suite for Visual Checkpoints: Test Cases/Visual Checkpoints 3]]></system-out>
      <system-err><![CDATA[]]></system-err>
   </testsuite>
</testsuites>
