<?xml version="1.0" encoding="UTF-8"?>
<testsuites name="Certification Test Suite 3" time="32.559" tests="2" failures="0" errors="0">
   <testsuite name="Certification Test Suite 3" tests="2" failures="0" errors="0" time="32.559" skipped="0" timestamp="2023-11-28 16:23:44" hostname="p80000642 - INBJHL80000642.CORP.DRREDDYS.COM" id="Test Suites/Certification Test Suite 3">
      <properties>
         <property name="deviceName" value=""/>
         <property name="devicePlatform" value=""/>
         <property name="logFolder" value="C:\\Users\\p80000642\\Katalon Studio\\My First Web UI Project\\Reports\\20231128_162240\\Certification Test Suite 3\\20231128_162243"/>
         <property name="logFiles" value="C:\\Users\\p80000642\\Katalon Studio\\My First Web UI Project\\Reports\\20231128_162240\\Certification Test Suite 3\\20231128_162243\\execution0.log"/>
         <property name="attachments" value=""/>
         <property name="hostName" value="p80000642 - INBJHL80000642.CORP.DRREDDYS.COM"/>
         <property name="os" value="Windows 10 64bit"/>
         <property name="katalonVersion" value="9.0.0.212"/>
         <property name="browser" value="Chrome 119.0.0.0"/>
         <property name="hostAddress" value="172.27.248.241"/>
         <property name="sessionId" value="2f35efe121452a4563677634409866a1"/>
         <property name="seleniumVersion" value="3.141.59"/>
         <property name="proxyInformation" value="ProxyInformation { proxyOption=NO_PROXY, proxyServerType=HTTP, username=, password=********, proxyServerAddress=, proxyServerPort=0, executionList=&quot;&quot;, isApplyToDesiredCapabilities=true }"/>
         <property name="platform" value="Windows 10"/>
      </properties>
      <testcase name="Test Cases/Users-No record found" time="17.248" classname="Test Cases/Users-No record found" status="PASSED">
         <system-out><![CDATA[2023-11-28 16:23:44 - [TEST_CASE][PASSED] - Test Cases/Users-No record found: Test Cases/Users-No record found

2023-11-28 16:23:44 - [TEST_STEP][PASSED] - openBrowser(""): Browser is opened with url: ''

2023-11-28 16:23:44 - [MESSAGE][INFO] - Starting 'Chrome' driver

2023-11-28 16:23:44 - [MESSAGE][INFO] - Action delay is set to 0 milliseconds

2023-11-28 16:23:45 - [MESSAGE][PASSED] - Browser is opened with url: ''

2023-11-28 16:23:45 - [TEST_STEP][PASSED] - navigateToUrl("https://opensource-demo.orangehrmlive.com/web/index.php/auth/login"): Navigate to 'https://opensource-demo.orangehrmlive.com/web/index.php/auth/login' successfully

2023-11-28 16:23:48 - [MESSAGE][PASSED] - Navigate to 'https://opensource-demo.orangehrmlive.com/web/index.php/auth/login' successfully

2023-11-28 16:23:48 - [TEST_STEP][PASSED] - waitForPageLoad(100): Wait for page load successfully

2023-11-28 16:23:48 - [MESSAGE][PASSED] - Wait for page load successfully

2023-11-28 16:23:48 - [TEST_STEP][PASSED] - waitForElementPresent(findTestObject("Object Repository/Page_OrangeHRM/input_username"), 100): Object 'Object Repository/Page_OrangeHRM/input_username' is present

2023-11-28 16:23:49 - [MESSAGE][PASSED] - Object 'Object Repository/Page_OrangeHRM/input_username' is present

2023-11-28 16:23:49 - [TEST_STEP][PASSED] - setText(findTestObject("Object Repository/Page_OrangeHRM/input_username"), "Admin"): Text 'Admin' is set on object 'Object Repository/Page_OrangeHRM/input_username'

2023-11-28 16:23:50 - [MESSAGE][PASSED] - Text 'Admin' is set on object 'Object Repository/Page_OrangeHRM/input_username'

2023-11-28 16:23:50 - [TEST_STEP][PASSED] - setEncryptedText(findTestObject("Object Repository/Page_OrangeHRM/Page_OrangeHRM/input_Password_password"), "hUKwJTbofgPU9eVlw/CnDQ=="): Text ****** has been set on object 'Object Repository/Page_OrangeHRM/Page_OrangeHRM/input_Password_password'

2023-11-28 16:23:50 - [MESSAGE][PASSED] - Text ****** has been set on object 'Object Repository/Page_OrangeHRM/Page_OrangeHRM/input_Password_password'

2023-11-28 16:23:50 - [TEST_STEP][PASSED] - waitForElementClickable(findTestObject("Object Repository/Page_OrangeHRM/button_Login"), 50): Object 'Object Repository/Page_OrangeHRM/button_Login' is clickable

2023-11-28 16:23:51 - [MESSAGE][PASSED] - Object 'Object Repository/Page_OrangeHRM/button_Login' is clickable

2023-11-28 16:23:51 - [TEST_STEP][PASSED] - click(findTestObject("Object Repository/Page_OrangeHRM/button_Login")): Object: 'Object Repository/Page_OrangeHRM/button_Login' is clicked on

2023-11-28 16:23:51 - [MESSAGE][PASSED] - Object: 'Object Repository/Page_OrangeHRM/button_Login' is clicked on

2023-11-28 16:23:51 - [TEST_STEP][PASSED] - click(findTestObject("Object Repository/Page_OrangeHRM/span_Admin")): Object: 'Object Repository/Page_OrangeHRM/span_Admin' is clicked on

2023-11-28 16:23:56 - [MESSAGE][PASSED] - Object: 'Object Repository/Page_OrangeHRM/span_Admin' is clicked on

2023-11-28 16:23:56 - [TEST_STEP][PASSED] - click(findTestObject("Object Repository/Page_OrangeHRM/span_User Management")): Object: 'Object Repository/Page_OrangeHRM/span_User Management' is clicked on

2023-11-28 16:23:57 - [MESSAGE][PASSED] - Object: 'Object Repository/Page_OrangeHRM/span_User Management' is clicked on

2023-11-28 16:23:57 - [TEST_STEP][PASSED] - click(findTestObject("Object Repository/Page_OrangeHRM/a_Users")): Object: 'Object Repository/Page_OrangeHRM/a_Users' is clicked on

2023-11-28 16:23:58 - [MESSAGE][PASSED] - Object: 'Object Repository/Page_OrangeHRM/a_Users' is clicked on

2023-11-28 16:23:58 - [TEST_STEP][PASSED] - click(findTestObject("Object Repository/Page_OrangeHRM/input_Employee Full Name_firstName")): Object: 'Object Repository/Page_OrangeHRM/input_Employee Full Name_firstName' is clicked on

2023-11-28 16:24:00 - [MESSAGE][PASSED] - Object: 'Object Repository/Page_OrangeHRM/input_Employee Full Name_firstName' is clicked on

2023-11-28 16:24:00 - [TEST_STEP][PASSED] - setText(findTestObject("Object Repository/Page_OrangeHRM/input_Employee Full Name_firstName"), "a"): Text 'a' is set on object 'Object Repository/Page_OrangeHRM/input_Employee Full Name_firstName'

2023-11-28 16:24:00 - [MESSAGE][PASSED] - Text 'a' is set on object 'Object Repository/Page_OrangeHRM/input_Employee Full Name_firstName'

2023-11-28 16:24:00 - [TEST_STEP][PASSED] - click(findTestObject("Object Repository/Page_OrangeHRM/button_Search")): Object: 'Object Repository/Page_OrangeHRM/button_Search' is clicked on

2023-11-28 16:24:01 - [MESSAGE][PASSED] - Object: 'Object Repository/Page_OrangeHRM/button_Search' is clicked on

2023-11-28 16:24:01 - [TEST_STEP][PASSED] - closeBrowser(): Browser is closed

2023-11-28 16:24:01 - [MESSAGE][PASSED] - Browser is closed]]></system-out>
         <system-err><![CDATA[]]></system-err>
      </testcase>
      <testcase name="Test Cases/Users-record found" time="15.184" classname="Test Cases/Users-record found" status="PASSED">
         <system-out><![CDATA[2023-11-28 16:24:01 - [TEST_CASE][PASSED] - Test Cases/Users-record found: Test Cases/Users-record found

2023-11-28 16:24:01 - [TEST_STEP][PASSED] - openBrowser(""): Browser is opened with url: ''

2023-11-28 16:24:01 - [MESSAGE][INFO] - Starting 'Chrome' driver

2023-11-28 16:24:01 - [MESSAGE][INFO] - Action delay is set to 0 milliseconds

2023-11-28 16:24:02 - [MESSAGE][PASSED] - Browser is opened with url: ''

2023-11-28 16:24:02 - [TEST_STEP][PASSED] - navigateToUrl("https://opensource-demo.orangehrmlive.com/web/index.php/auth/login"): Navigate to 'https://opensource-demo.orangehrmlive.com/web/index.php/auth/login' successfully

2023-11-28 16:24:04 - [MESSAGE][PASSED] - Navigate to 'https://opensource-demo.orangehrmlive.com/web/index.php/auth/login' successfully

2023-11-28 16:24:04 - [TEST_STEP][PASSED] - waitForPageLoad(100): Wait for page load successfully

2023-11-28 16:24:04 - [MESSAGE][PASSED] - Wait for page load successfully

2023-11-28 16:24:04 - [TEST_STEP][PASSED] - waitForElementPresent(findTestObject("Object Repository/Page_OrangeHRM/input_username"), 100): Object 'Object Repository/Page_OrangeHRM/input_username' is present

2023-11-28 16:24:05 - [MESSAGE][PASSED] - Object 'Object Repository/Page_OrangeHRM/input_username' is present

2023-11-28 16:24:05 - [TEST_STEP][PASSED] - setText(findTestObject("Object Repository/Page_OrangeHRM/input_username"), "Admin"): Text 'Admin' is set on object 'Object Repository/Page_OrangeHRM/input_username'

2023-11-28 16:24:06 - [MESSAGE][PASSED] - Text 'Admin' is set on object 'Object Repository/Page_OrangeHRM/input_username'

2023-11-28 16:24:06 - [TEST_STEP][PASSED] - setEncryptedText(findTestObject("Object Repository/Page_OrangeHRM/Page_OrangeHRM/input_Password_password"), "hUKwJTbofgPU9eVlw/CnDQ=="): Text ****** has been set on object 'Object Repository/Page_OrangeHRM/Page_OrangeHRM/input_Password_password'

2023-11-28 16:24:06 - [MESSAGE][PASSED] - Text ****** has been set on object 'Object Repository/Page_OrangeHRM/Page_OrangeHRM/input_Password_password'

2023-11-28 16:24:06 - [TEST_STEP][PASSED] - waitForElementClickable(findTestObject("Object Repository/Page_OrangeHRM/button_Login"), 50): Object 'Object Repository/Page_OrangeHRM/button_Login' is clickable

2023-11-28 16:24:07 - [MESSAGE][PASSED] - Object 'Object Repository/Page_OrangeHRM/button_Login' is clickable

2023-11-28 16:24:07 - [TEST_STEP][PASSED] - click(findTestObject("Object Repository/Page_OrangeHRM/button_Login")): Object: 'Object Repository/Page_OrangeHRM/button_Login' is clicked on

2023-11-28 16:24:07 - [MESSAGE][PASSED] - Object: 'Object Repository/Page_OrangeHRM/button_Login' is clicked on

2023-11-28 16:24:07 - [TEST_STEP][PASSED] - click(findTestObject("Object Repository/Page_OrangeHRM/span_Admin")): Object: 'Object Repository/Page_OrangeHRM/span_Admin' is clicked on

2023-11-28 16:24:11 - [MESSAGE][PASSED] - Object: 'Object Repository/Page_OrangeHRM/span_Admin' is clicked on

2023-11-28 16:24:11 - [TEST_STEP][PASSED] - click(findTestObject("Object Repository/Page_OrangeHRM/span_User Management")): Object: 'Object Repository/Page_OrangeHRM/span_User Management' is clicked on

2023-11-28 16:24:13 - [MESSAGE][PASSED] - Object: 'Object Repository/Page_OrangeHRM/span_User Management' is clicked on

2023-11-28 16:24:13 - [TEST_STEP][PASSED] - click(findTestObject("Object Repository/Page_OrangeHRM/a_Users")): Object: 'Object Repository/Page_OrangeHRM/a_Users' is clicked on

2023-11-28 16:24:14 - [MESSAGE][PASSED] - Object: 'Object Repository/Page_OrangeHRM/a_Users' is clicked on

2023-11-28 16:24:14 - [TEST_STEP][PASSED] - click(findTestObject("Object Repository/Page_OrangeHRM/input_Employee Full Name_firstName")): Object: 'Object Repository/Page_OrangeHRM/input_Employee Full Name_firstName' is clicked on

2023-11-28 16:24:15 - [MESSAGE][PASSED] - Object: 'Object Repository/Page_OrangeHRM/input_Employee Full Name_firstName' is clicked on

2023-11-28 16:24:15 - [TEST_STEP][PASSED] - setText(findTestObject("Object Repository/Page_OrangeHRM/input_Employee Full Name_firstName"), "admin"): Text 'admin' is set on object 'Object Repository/Page_OrangeHRM/input_Employee Full Name_firstName'

2023-11-28 16:24:16 - [MESSAGE][PASSED] - Text 'admin' is set on object 'Object Repository/Page_OrangeHRM/input_Employee Full Name_firstName'

2023-11-28 16:24:16 - [TEST_STEP][PASSED] - click(findTestObject("Object Repository/Page_OrangeHRM/button_Search")): Object: 'Object Repository/Page_OrangeHRM/button_Search' is clicked on

2023-11-28 16:24:16 - [MESSAGE][PASSED] - Object: 'Object Repository/Page_OrangeHRM/button_Search' is clicked on

2023-11-28 16:24:16 - [TEST_STEP][PASSED] - closeBrowser(): Browser is closed

2023-11-28 16:24:16 - [MESSAGE][PASSED] - Browser is closed]]></system-out>
         <system-err><![CDATA[]]></system-err>
      </testcase>
      <system-out><![CDATA[2023-11-28 16:23:44 - [TEST_SUITE][PASSED] - Certification Test Suite 3: Test Cases/Users-record found]]></system-out>
      <system-err><![CDATA[]]></system-err>
   </testsuite>
</testsuites>
