<?xml version="1.0" encoding="UTF-8"?>
<testsuites name="Certification Test Suite 2" time="85.151" tests="3" failures="0" errors="0">
   <testsuite name="Certification Test Suite 2" tests="3" failures="0" errors="0" time="85.151" skipped="0" timestamp="2023-12-02 09:38:46" hostname="p80000642 - INBJHL80000642.CORP.DRREDDYS.COM" id="Test Suites/Certification Test Suite 2">
      <properties>
         <property name="deviceName" value=""/>
         <property name="devicePlatform" value=""/>
         <property name="logFolder" value="C:\\Users\\p80000642\\Katalon Studio\\My First Web UI Project\\Reports\\20231202_093839\\Certification Test Suite 2\\20231202_093840"/>
         <property name="logFiles" value="C:\\Users\\p80000642\\Katalon Studio\\My First Web UI Project\\Reports\\20231202_093839\\Certification Test Suite 2\\20231202_093840\\execution0.log"/>
         <property name="attachments" value=""/>
         <property name="hostName" value="p80000642 - INBJHL80000642.CORP.DRREDDYS.COM"/>
         <property name="os" value="Windows 10 64bit"/>
         <property name="katalonVersion" value="9.0.0.212"/>
         <property name="browser" value="Chrome 119.0.0.0"/>
         <property name="hostAddress" value="192.168.0.106"/>
         <property name="sessionId" value="fb1ca59f58873b25d08d89abaeb503fe"/>
         <property name="seleniumVersion" value="3.141.59"/>
         <property name="proxyInformation" value="ProxyInformation { proxyOption=NO_PROXY, proxyServerType=HTTP, username=, password=********, proxyServerAddress=, proxyServerPort=0, executionList=&quot;&quot;, isApplyToDesiredCapabilities=true }"/>
         <property name="platform" value="Windows 10"/>
      </properties>
      <testcase name="Test Cases/Add Pay Grade" time="45.998" classname="Test Cases/Add Pay Grade" status="PASSED">
         <system-out><![CDATA[2023-12-02 09:38:46 - [TEST_CASE][PASSED] - Test Cases/Add Pay Grade: Test Cases/Add Pay Grade

2023-12-02 09:38:46 - [TEST_STEP][PASSED] - openBrowser(""): Browser is opened with url: ''

2023-12-02 09:38:46 - [MESSAGE][INFO] - Starting 'Chrome' driver

2023-12-02 09:38:46 - [MESSAGE][INFO] - Action delay is set to 0 milliseconds

2023-12-02 09:38:48 - [MESSAGE][PASSED] - Browser is opened with url: ''

2023-12-02 09:38:48 - [TEST_STEP][PASSED] - navigateToUrl("https://opensource-demo.orangehrmlive.com/web/index.php/auth/login"): Navigate to 'https://opensource-demo.orangehrmlive.com/web/index.php/auth/login' successfully

2023-12-02 09:38:51 - [MESSAGE][PASSED] - Navigate to 'https://opensource-demo.orangehrmlive.com/web/index.php/auth/login' successfully

2023-12-02 09:38:51 - [TEST_STEP][PASSED] - setText(findTestObject("Object Repository/Page_OrangeHRM/input_username"), "admin"): Text 'admin' is set on object 'Object Repository/Page_OrangeHRM/input_username'

2023-12-02 09:38:53 - [MESSAGE][PASSED] - Text 'admin' is set on object 'Object Repository/Page_OrangeHRM/input_username'

2023-12-02 09:38:53 - [TEST_STEP][PASSED] - setEncryptedText(findTestObject("Object Repository/Page_OrangeHRM/Page_OrangeHRM/input_Password_password"), "hUKwJTbofgPU9eVlw/CnDQ=="): Text ****** has been set on object 'Object Repository/Page_OrangeHRM/Page_OrangeHRM/input_Password_password'

2023-12-02 09:38:53 - [MESSAGE][PASSED] - Text ****** has been set on object 'Object Repository/Page_OrangeHRM/Page_OrangeHRM/input_Password_password'

2023-12-02 09:38:53 - [TEST_STEP][PASSED] - waitForElementClickable(findTestObject("Object Repository/Page_OrangeHRM/button_Login"), 50): Object 'Object Repository/Page_OrangeHRM/button_Login' is clickable

2023-12-02 09:38:53 - [MESSAGE][PASSED] - Object 'Object Repository/Page_OrangeHRM/button_Login' is clickable

2023-12-02 09:38:53 - [TEST_STEP][PASSED] - click(findTestObject("Object Repository/Page_OrangeHRM/button_Login")): Object: 'Object Repository/Page_OrangeHRM/button_Login' is clicked on

2023-12-02 09:38:54 - [MESSAGE][PASSED] - Object: 'Object Repository/Page_OrangeHRM/button_Login' is clicked on

2023-12-02 09:38:54 - [TEST_STEP][PASSED] - click(findTestObject("Object Repository/Page_OrangeHRM/span_Admin")): Object: 'Object Repository/Page_OrangeHRM/span_Admin' is clicked on

2023-12-02 09:38:58 - [MESSAGE][PASSED] - Object: 'Object Repository/Page_OrangeHRM/span_Admin' is clicked on

2023-12-02 09:38:58 - [TEST_STEP][PASSED] - click(findTestObject("Object Repository/Page_OrangeHRM/i_oxd-icon bi-chevron-down")): Object: 'Object Repository/Page_OrangeHRM/i_oxd-icon bi-chevron-down' is clicked on

2023-12-02 09:39:29 - [MESSAGE][INFO] - Unable to find the element located by 'By.xpath: //div[@id='app']/div/div[2]/div[2]/div/div[2]/div[3]/div/div[2]/div[4]/div/div/div/div/label/span/i'. Please recheck the objects properties to make sure the desired element is located. 

2023-12-02 09:39:29 - [MESSAGE][WARNING] - [SELF-HEALING] Failed to find element with id 'Object Repository/Page_OrangeHRM/i_oxd-icon bi-chevron-down'. Try using Self-healing.

2023-12-02 09:39:29 - [MESSAGE][WARNING] - [SELF-HEALING] The current locator of test object 'Object Repository/Page_OrangeHRM/i_oxd-icon bi-chevron-down' was broken. Propose an alternative one: '//div[@id='app']/div/div/header/div[2]/nav/ul/li[2]/span/i'.

2023-12-02 09:39:29 - [MESSAGE][PASSED] - Object: 'Object Repository/Page_OrangeHRM/i_oxd-icon bi-chevron-down' is clicked on

2023-12-02 09:39:29 - [TEST_STEP][PASSED] - click(findTestObject("Object Repository/Page_OrangeHRM/a_Pay Grades")): Object: 'Object Repository/Page_OrangeHRM/a_Pay Grades' is clicked on

2023-12-02 09:39:30 - [MESSAGE][PASSED] - Object: 'Object Repository/Page_OrangeHRM/a_Pay Grades' is clicked on

2023-12-02 09:39:30 - [TEST_STEP][PASSED] - click(findTestObject("Object Repository/Page_OrangeHRM/button_Add")): Object: 'Object Repository/Page_OrangeHRM/button_Add' is clicked on

2023-12-02 09:39:32 - [MESSAGE][PASSED] - Object: 'Object Repository/Page_OrangeHRM/button_Add' is clicked on

2023-12-02 09:39:32 - [TEST_STEP][PASSED] - closeBrowser(): Browser is closed

2023-12-02 09:39:32 - [MESSAGE][PASSED] - Browser is closed]]></system-out>
         <system-err><![CDATA[]]></system-err>
      </testcase>
      <testcase name="Test Cases/Apply Leave" time="10.998" classname="Test Cases/Apply Leave" status="PASSED">
         <system-out><![CDATA[2023-12-02 09:39:32 - [TEST_CASE][PASSED] - Test Cases/Apply Leave: Test Cases/Apply Leave

2023-12-02 09:39:32 - [TEST_STEP][PASSED] - openBrowser(""): Browser is opened with url: ''

2023-12-02 09:39:32 - [MESSAGE][INFO] - Starting 'Chrome' driver

2023-12-02 09:39:32 - [MESSAGE][INFO] - Action delay is set to 0 milliseconds

2023-12-02 09:39:33 - [MESSAGE][PASSED] - Browser is opened with url: ''

2023-12-02 09:39:33 - [TEST_STEP][PASSED] - navigateToUrl("https://opensource-demo.orangehrmlive.com/web/index.php/auth/login"): Navigate to 'https://opensource-demo.orangehrmlive.com/web/index.php/auth/login' successfully

2023-12-02 09:39:35 - [MESSAGE][PASSED] - Navigate to 'https://opensource-demo.orangehrmlive.com/web/index.php/auth/login' successfully

2023-12-02 09:39:35 - [TEST_STEP][PASSED] - setText(findTestObject("Object Repository/Page_OrangeHRM/input_username"), "admin"): Text 'admin' is set on object 'Object Repository/Page_OrangeHRM/input_username'

2023-12-02 09:39:36 - [MESSAGE][PASSED] - Text 'admin' is set on object 'Object Repository/Page_OrangeHRM/input_username'

2023-12-02 09:39:36 - [TEST_STEP][PASSED] - setEncryptedText(findTestObject("Object Repository/Page_OrangeHRM/Page_OrangeHRM/input_Password_password"), "hUKwJTbofgPU9eVlw/CnDQ=="): Text ****** has been set on object 'Object Repository/Page_OrangeHRM/Page_OrangeHRM/input_Password_password'

2023-12-02 09:39:37 - [MESSAGE][PASSED] - Text ****** has been set on object 'Object Repository/Page_OrangeHRM/Page_OrangeHRM/input_Password_password'

2023-12-02 09:39:37 - [TEST_STEP][PASSED] - waitForElementClickable(findTestObject("Object Repository/Page_OrangeHRM/button_Login"), 50): Object 'Object Repository/Page_OrangeHRM/button_Login' is clickable

2023-12-02 09:39:37 - [MESSAGE][PASSED] - Object 'Object Repository/Page_OrangeHRM/button_Login' is clickable

2023-12-02 09:39:37 - [TEST_STEP][PASSED] - click(findTestObject("Object Repository/Page_OrangeHRM/button_Login")): Object: 'Object Repository/Page_OrangeHRM/button_Login' is clicked on

2023-12-02 09:39:38 - [MESSAGE][PASSED] - Object: 'Object Repository/Page_OrangeHRM/button_Login' is clicked on

2023-12-02 09:39:38 - [TEST_STEP][PASSED] - click(findTestObject("Object Repository/Page_OrangeHRM/a_Leave")): Object: 'Object Repository/Page_OrangeHRM/a_Leave' is clicked on

2023-12-02 09:39:41 - [MESSAGE][PASSED] - Object: 'Object Repository/Page_OrangeHRM/a_Leave' is clicked on

2023-12-02 09:39:41 - [TEST_STEP][PASSED] - click(findTestObject("Object Repository/Page_OrangeHRM/a_Apply")): Object: 'Object Repository/Page_OrangeHRM/a_Apply' is clicked on

2023-12-02 09:39:43 - [MESSAGE][PASSED] - Object: 'Object Repository/Page_OrangeHRM/a_Apply' is clicked on]]></system-out>
         <system-err><![CDATA[]]></system-err>
      </testcase>
      <testcase name="Test Cases/Forgot Password" time="28.007" classname="Test Cases/Forgot Password" status="PASSED">
         <system-out><![CDATA[2023-12-02 09:39:43 - [TEST_CASE][PASSED] - Test Cases/Forgot Password: Test Cases/Forgot Password

2023-12-02 09:39:43 - [TEST_STEP][PASSED] - openBrowser(""): Browser is opened with url: ''

2023-12-02 09:39:43 - [MESSAGE][WARNING] - A browser is already opened. Closing browser and opening a new one

2023-12-02 09:39:43 - [MESSAGE][INFO] - Starting 'Chrome' driver

2023-12-02 09:39:43 - [MESSAGE][INFO] - Action delay is set to 0 milliseconds

2023-12-02 09:39:44 - [MESSAGE][PASSED] - Browser is opened with url: ''

2023-12-02 09:39:44 - [TEST_STEP][PASSED] - navigateToUrl("https://opensource-demo.orangehrmlive.com/web/index.php/auth/login"): Navigate to 'https://opensource-demo.orangehrmlive.com/web/index.php/auth/login' successfully

2023-12-02 09:39:47 - [MESSAGE][PASSED] - Navigate to 'https://opensource-demo.orangehrmlive.com/web/index.php/auth/login' successfully

2023-12-02 09:39:47 - [TEST_STEP][PASSED] - waitForPageLoad(100): Wait for page load successfully

2023-12-02 09:39:47 - [MESSAGE][PASSED] - Wait for page load successfully

2023-12-02 09:39:47 - [TEST_STEP][PASSED] - waitForElementPresent(findTestObject("Object Repository/Page_OrangeHRM/input_username"), 100): Object 'Object Repository/Page_OrangeHRM/input_username' is present

2023-12-02 09:39:48 - [MESSAGE][PASSED] - Object 'Object Repository/Page_OrangeHRM/input_username' is present

2023-12-02 09:39:48 - [TEST_STEP][PASSED] - setText(findTestObject("Object Repository/Page_OrangeHRM/input_username"), "Admin"): Text 'Admin' is set on object 'Object Repository/Page_OrangeHRM/input_username'

2023-12-02 09:39:49 - [MESSAGE][PASSED] - Text 'Admin' is set on object 'Object Repository/Page_OrangeHRM/input_username'

2023-12-02 09:39:49 - [TEST_STEP][PASSED] - click(findTestObject("Object Repository/Page_OrangeHRM/p_Forgot your password")): Object: 'Object Repository/Page_OrangeHRM/p_Forgot your password' is clicked on

2023-12-02 09:39:49 - [MESSAGE][PASSED] - Object: 'Object Repository/Page_OrangeHRM/p_Forgot your password' is clicked on

2023-12-02 09:39:49 - [TEST_STEP][PASSED] - setText(findTestObject("Object Repository/Page_OrangeHRM/input_username"), "Admin1"): Text 'Admin1' is set on object 'Object Repository/Page_OrangeHRM/input_username'

2023-12-02 09:39:50 - [MESSAGE][PASSED] - Text 'Admin1' is set on object 'Object Repository/Page_OrangeHRM/input_username'

2023-12-02 09:39:50 - [TEST_STEP][PASSED] - click(findTestObject("Object Repository/Page_OrangeHRM/button_Reset Password")): Object: 'Object Repository/Page_OrangeHRM/button_Reset Password' is clicked on

2023-12-02 09:39:51 - [MESSAGE][PASSED] - Object: 'Object Repository/Page_OrangeHRM/button_Reset Password' is clicked on

2023-12-02 09:39:51 - [TEST_STEP][PASSED] - verifyElementText(findTestObject("Object Repository/Page_OrangeHRM/h6_Reset Password link sent successfully"), "Reset Password link sent successfully"): Actual text and expected text of test object 'Object Repository/Page_OrangeHRM/h6_Reset Password link sent successfully' are matched.

2023-12-02 09:40:11 - [MESSAGE][PASSED] - Actual text and expected text of test object 'Object Repository/Page_OrangeHRM/h6_Reset Password link sent successfully' are matched.

2023-12-02 09:40:11 - [TEST_STEP][PASSED] - closeBrowser(): Browser is closed

2023-12-02 09:40:11 - [MESSAGE][PASSED] - Browser is closed]]></system-out>
         <system-err><![CDATA[]]></system-err>
      </testcase>
      <system-out><![CDATA[2023-12-02 09:38:46 - [TEST_SUITE][PASSED] - Certification Test Suite 2: Test Cases/Forgot Password]]></system-out>
      <system-err><![CDATA[]]></system-err>
   </testsuite>
</testsuites>
