<?xml version="1.0" encoding="UTF-8"?>
<testsuites name="Certification Test Suite 1" time="65.447" tests="3" failures="0" errors="0">
   <testsuite name="Certification Test Suite 1" tests="3" failures="0" errors="0" time="65.447" skipped="0" timestamp="2023-12-02 09:37:08" hostname="p80000642 - INBJHL80000642.CORP.DRREDDYS.COM" id="Test Suites/Certification Test Suite 1">
      <properties>
         <property name="deviceName" value=""/>
         <property name="devicePlatform" value=""/>
         <property name="logFolder" value="C:\\Users\\p80000642\\Katalon Studio\\My First Web UI Project\\Reports\\20231202_093701\\Certification Test Suite 1\\20231202_093702"/>
         <property name="logFiles" value="C:\\Users\\p80000642\\Katalon Studio\\My First Web UI Project\\Reports\\20231202_093701\\Certification Test Suite 1\\20231202_093702\\execution0.log"/>
         <property name="attachments" value=""/>
         <property name="hostName" value="p80000642 - INBJHL80000642.CORP.DRREDDYS.COM"/>
         <property name="os" value="Windows 10 64bit"/>
         <property name="katalonVersion" value="9.0.0.212"/>
         <property name="browser" value="Chrome 119.0.0.0"/>
         <property name="hostAddress" value="192.168.0.106"/>
         <property name="sessionId" value="d7938395cd14716b6eec8bdf6f18a4d0"/>
         <property name="seleniumVersion" value="3.141.59"/>
         <property name="proxyInformation" value="ProxyInformation { proxyOption=NO_PROXY, proxyServerType=HTTP, username=, password=********, proxyServerAddress=, proxyServerPort=0, executionList=&quot;&quot;, isApplyToDesiredCapabilities=true }"/>
         <property name="platform" value="Windows 10"/>
      </properties>
      <testcase name="Test Cases/Login OHR" time="9.366" classname="Test Cases/Login OHR" status="PASSED">
         <system-out><![CDATA[2023-12-02 09:37:08 - [TEST_CASE][PASSED] - Test Cases/Login OHR: Test Cases/Login OHR

2023-12-02 09:37:08 - [TEST_STEP][PASSED] - openBrowser(""): Browser is opened with url: ''

2023-12-02 09:37:08 - [MESSAGE][INFO] - Starting 'Chrome' driver

2023-12-02 09:37:09 - [MESSAGE][INFO] - Action delay is set to 0 milliseconds

2023-12-02 09:37:10 - [MESSAGE][PASSED] - Browser is opened with url: ''

2023-12-02 09:37:10 - [TEST_STEP][PASSED] - navigateToUrl("https://opensource-demo.orangehrmlive.com/web/index.php/auth/login"): Navigate to 'https://opensource-demo.orangehrmlive.com/web/index.php/auth/login' successfully

2023-12-02 09:37:15 - [MESSAGE][PASSED] - Navigate to 'https://opensource-demo.orangehrmlive.com/web/index.php/auth/login' successfully

2023-12-02 09:37:15 - [TEST_STEP][PASSED] - waitForPageLoad(100): Wait for page load successfully

2023-12-02 09:37:15 - [MESSAGE][PASSED] - Wait for page load successfully

2023-12-02 09:37:15 - [TEST_STEP][PASSED] - waitForElementPresent(findTestObject("Object Repository/Page_OrangeHRM/input_username"), 100): Object 'Object Repository/Page_OrangeHRM/input_username' is present

2023-12-02 09:37:16 - [MESSAGE][PASSED] - Object 'Object Repository/Page_OrangeHRM/input_username' is present

2023-12-02 09:37:16 - [TEST_STEP][PASSED] - setText(findTestObject("Object Repository/Page_OrangeHRM/input_username"), "Admin"): Text 'Admin' is set on object 'Object Repository/Page_OrangeHRM/input_username'

2023-12-02 09:37:16 - [MESSAGE][PASSED] - Text 'Admin' is set on object 'Object Repository/Page_OrangeHRM/input_username'

2023-12-02 09:37:16 - [TEST_STEP][PASSED] - setEncryptedText(findTestObject("Object Repository/Page_OrangeHRM/Page_OrangeHRM/input_Password_password"), "hUKwJTbofgPU9eVlw/CnDQ=="): Text ****** has been set on object 'Object Repository/Page_OrangeHRM/Page_OrangeHRM/input_Password_password'

2023-12-02 09:37:17 - [MESSAGE][PASSED] - Text ****** has been set on object 'Object Repository/Page_OrangeHRM/Page_OrangeHRM/input_Password_password'

2023-12-02 09:37:17 - [TEST_STEP][PASSED] - waitForElementClickable(findTestObject("Object Repository/Page_OrangeHRM/button_Login"), 50): Object 'Object Repository/Page_OrangeHRM/button_Login' is clickable

2023-12-02 09:37:17 - [MESSAGE][PASSED] - Object 'Object Repository/Page_OrangeHRM/button_Login' is clickable

2023-12-02 09:37:17 - [TEST_STEP][PASSED] - click(findTestObject("Object Repository/Page_OrangeHRM/button_Login")): Object: 'Object Repository/Page_OrangeHRM/button_Login' is clicked on

2023-12-02 09:37:17 - [MESSAGE][PASSED] - Object: 'Object Repository/Page_OrangeHRM/button_Login' is clicked on

2023-12-02 09:37:17 - [TEST_STEP][PASSED] - closeBrowser(): Browser is closed

2023-12-02 09:37:17 - [MESSAGE][PASSED] - Browser is closed]]></system-out>
         <system-err><![CDATA[]]></system-err>
      </testcase>
      <testcase name="Test Cases/Add Empl" time="12.922" classname="Test Cases/Add Empl" status="PASSED">
         <system-out><![CDATA[2023-12-02 09:37:17 - [TEST_CASE][PASSED] - Test Cases/Add Empl: Test Cases/Add Empl

2023-12-02 09:37:17 - [TEST_STEP][PASSED] - openBrowser(""): Browser is opened with url: ''

2023-12-02 09:37:17 - [MESSAGE][INFO] - Starting 'Chrome' driver

2023-12-02 09:37:17 - [MESSAGE][INFO] - Action delay is set to 0 milliseconds

2023-12-02 09:37:19 - [MESSAGE][PASSED] - Browser is opened with url: ''

2023-12-02 09:37:19 - [TEST_STEP][PASSED] - navigateToUrl("https://opensource-demo.orangehrmlive.com/web/index.php/auth/login"): Navigate to 'https://opensource-demo.orangehrmlive.com/web/index.php/auth/login' successfully

2023-12-02 09:37:22 - [MESSAGE][PASSED] - Navigate to 'https://opensource-demo.orangehrmlive.com/web/index.php/auth/login' successfully

2023-12-02 09:37:22 - [TEST_STEP][PASSED] - waitForPageLoad(100): Wait for page load successfully

2023-12-02 09:37:22 - [MESSAGE][PASSED] - Wait for page load successfully

2023-12-02 09:37:22 - [TEST_STEP][PASSED] - waitForElementPresent(findTestObject("Object Repository/Page_OrangeHRM/input_username"), 100): Object 'Object Repository/Page_OrangeHRM/input_username' is present

2023-12-02 09:37:23 - [MESSAGE][PASSED] - Object 'Object Repository/Page_OrangeHRM/input_username' is present

2023-12-02 09:37:23 - [TEST_STEP][PASSED] - setText(findTestObject("Object Repository/Page_OrangeHRM/input_username"), "Admin"): Text 'Admin' is set on object 'Object Repository/Page_OrangeHRM/input_username'

2023-12-02 09:37:23 - [MESSAGE][PASSED] - Text 'Admin' is set on object 'Object Repository/Page_OrangeHRM/input_username'

2023-12-02 09:37:23 - [TEST_STEP][PASSED] - setEncryptedText(findTestObject("Object Repository/Page_OrangeHRM/Page_OrangeHRM/input_Password_password"), "hUKwJTbofgPU9eVlw/CnDQ=="): Text ****** has been set on object 'Object Repository/Page_OrangeHRM/Page_OrangeHRM/input_Password_password'

2023-12-02 09:37:24 - [MESSAGE][PASSED] - Text ****** has been set on object 'Object Repository/Page_OrangeHRM/Page_OrangeHRM/input_Password_password'

2023-12-02 09:37:24 - [TEST_STEP][PASSED] - waitForElementClickable(findTestObject("Object Repository/Page_OrangeHRM/button_Login"), 50): Object 'Object Repository/Page_OrangeHRM/button_Login' is clickable

2023-12-02 09:37:24 - [MESSAGE][PASSED] - Object 'Object Repository/Page_OrangeHRM/button_Login' is clickable

2023-12-02 09:37:24 - [TEST_STEP][PASSED] - click(findTestObject("Object Repository/Page_OrangeHRM/button_Login")): Object: 'Object Repository/Page_OrangeHRM/button_Login' is clicked on

2023-12-02 09:37:24 - [MESSAGE][PASSED] - Object: 'Object Repository/Page_OrangeHRM/button_Login' is clicked on

2023-12-02 09:37:24 - [TEST_STEP][PASSED] - waitForPageLoad(100): Wait for page load successfully

2023-12-02 09:37:25 - [MESSAGE][PASSED] - Wait for page load successfully

2023-12-02 09:37:25 - [TEST_STEP][PASSED] - click(findTestObject("Object Repository/Page_OrangeHRM/a_PIM")): Object: 'Object Repository/Page_OrangeHRM/a_PIM' is clicked on

2023-12-02 09:37:28 - [MESSAGE][PASSED] - Object: 'Object Repository/Page_OrangeHRM/a_PIM' is clicked on

2023-12-02 09:37:28 - [TEST_STEP][PASSED] - waitForPageLoad(100): Wait for page load successfully

2023-12-02 09:37:28 - [MESSAGE][PASSED] - Wait for page load successfully

2023-12-02 09:37:28 - [TEST_STEP][PASSED] - click(findTestObject("Object Repository/Page_OrangeHRM/a_Add Employee")): Object: 'Object Repository/Page_OrangeHRM/a_Add Employee' is clicked on

2023-12-02 09:37:30 - [MESSAGE][PASSED] - Object: 'Object Repository/Page_OrangeHRM/a_Add Employee' is clicked on

2023-12-02 09:37:30 - [TEST_STEP][PASSED] - waitForPageLoad(50): Wait for page load successfully

2023-12-02 09:37:30 - [MESSAGE][PASSED] - Wait for page load successfully

2023-12-02 09:37:30 - [TEST_STEP][PASSED] - closeBrowser(): Browser is closed

2023-12-02 09:37:30 - [MESSAGE][PASSED] - Browser is closed]]></system-out>
         <system-err><![CDATA[]]></system-err>
      </testcase>
      <testcase name="Test Cases/WorkShift" time="43.014" classname="Test Cases/WorkShift" status="PASSED">
         <system-out><![CDATA[2023-12-02 09:37:30 - [TEST_CASE][PASSED] - Test Cases/WorkShift: Test Cases/WorkShift

2023-12-02 09:37:30 - [TEST_STEP][PASSED] - openBrowser(""): Browser is opened with url: ''

2023-12-02 09:37:30 - [MESSAGE][INFO] - Starting 'Chrome' driver

2023-12-02 09:37:30 - [MESSAGE][INFO] - Action delay is set to 0 milliseconds

2023-12-02 09:37:31 - [MESSAGE][PASSED] - Browser is opened with url: ''

2023-12-02 09:37:31 - [TEST_STEP][PASSED] - navigateToUrl("https://opensource-demo.orangehrmlive.com/web/index.php/auth/login"): Navigate to 'https://opensource-demo.orangehrmlive.com/web/index.php/auth/login' successfully

2023-12-02 09:37:33 - [MESSAGE][PASSED] - Navigate to 'https://opensource-demo.orangehrmlive.com/web/index.php/auth/login' successfully

2023-12-02 09:37:33 - [TEST_STEP][PASSED] - waitForPageLoad(100): Wait for page load successfully

2023-12-02 09:37:33 - [MESSAGE][PASSED] - Wait for page load successfully

2023-12-02 09:37:33 - [TEST_STEP][PASSED] - waitForElementPresent(findTestObject("Object Repository/Page_OrangeHRM/input_username"), 100): Object 'Object Repository/Page_OrangeHRM/input_username' is present

2023-12-02 09:37:35 - [MESSAGE][PASSED] - Object 'Object Repository/Page_OrangeHRM/input_username' is present

2023-12-02 09:37:35 - [TEST_STEP][PASSED] - setText(findTestObject("Object Repository/Page_OrangeHRM/input_username"), "Admin"): Text 'Admin' is set on object 'Object Repository/Page_OrangeHRM/input_username'

2023-12-02 09:37:35 - [MESSAGE][PASSED] - Text 'Admin' is set on object 'Object Repository/Page_OrangeHRM/input_username'

2023-12-02 09:37:35 - [TEST_STEP][PASSED] - setEncryptedText(findTestObject("Object Repository/Page_OrangeHRM/Page_OrangeHRM/input_Password_password"), "hUKwJTbofgPU9eVlw/CnDQ=="): Text ****** has been set on object 'Object Repository/Page_OrangeHRM/Page_OrangeHRM/input_Password_password'

2023-12-02 09:37:36 - [MESSAGE][PASSED] - Text ****** has been set on object 'Object Repository/Page_OrangeHRM/Page_OrangeHRM/input_Password_password'

2023-12-02 09:37:36 - [TEST_STEP][PASSED] - waitForElementClickable(findTestObject("Object Repository/Page_OrangeHRM/button_Login"), 50): Object 'Object Repository/Page_OrangeHRM/button_Login' is clickable

2023-12-02 09:37:36 - [MESSAGE][PASSED] - Object 'Object Repository/Page_OrangeHRM/button_Login' is clickable

2023-12-02 09:37:36 - [TEST_STEP][PASSED] - click(findTestObject("Object Repository/Page_OrangeHRM/button_Login")): Object: 'Object Repository/Page_OrangeHRM/button_Login' is clicked on

2023-12-02 09:37:36 - [MESSAGE][PASSED] - Object: 'Object Repository/Page_OrangeHRM/button_Login' is clicked on

2023-12-02 09:37:36 - [TEST_STEP][PASSED] - waitForPageLoad(100): Wait for page load successfully

2023-12-02 09:37:37 - [MESSAGE][PASSED] - Wait for page load successfully

2023-12-02 09:37:37 - [TEST_STEP][PASSED] - click(findTestObject("Object Repository/Page_OrangeHRM/a_Admin")): Object: 'Object Repository/Page_OrangeHRM/a_Admin' is clicked on

2023-12-02 09:37:40 - [MESSAGE][PASSED] - Object: 'Object Repository/Page_OrangeHRM/a_Admin' is clicked on

2023-12-02 09:37:40 - [TEST_STEP][PASSED] - click(findTestObject("Object Repository/Page_OrangeHRM/i_oxd-icon bi-chevron-down")): Object: 'Object Repository/Page_OrangeHRM/i_oxd-icon bi-chevron-down' is clicked on

2023-12-02 09:38:11 - [MESSAGE][INFO] - Unable to find the element located by 'By.xpath: //div[@id='app']/div/div[2]/div[2]/div/div[2]/div[3]/div/div[2]/div[4]/div/div/div/div/label/span/i'. Please recheck the objects properties to make sure the desired element is located. 

2023-12-02 09:38:11 - [MESSAGE][WARNING] - [SELF-HEALING] Failed to find element with id 'Object Repository/Page_OrangeHRM/i_oxd-icon bi-chevron-down'. Try using Self-healing.

2023-12-02 09:38:11 - [MESSAGE][INFO] - [SELF-HEALING] Failed Locator: '//div[@id='app']/div/div[2]/div[2]/div/div[2]/div[3]/div/div[2]/div[4]/div/div/div/div/label/span/i'.

2023-12-02 09:38:12 - [MESSAGE][INFO] - [SELF-HEALING] Failed Locator: '//div[4]/div/div/div/div/label/span/i'.

2023-12-02 09:38:12 - [MESSAGE][INFO] - [SELF-HEALING] Working Locator: '//div[@id='app']/div/div/header/div[2]/nav/ul/li[2]/span/i'.

2023-12-02 09:38:12 - [MESSAGE][INFO] - [SELF-HEALING] Screenshot: C:/Users/p80000642/Katalon Studio/My First Web UI Project/Reports/Self-healing/Object Repository/Page_OrangeHRM/i_oxd-icon bi-chevron-down_idRelative.png

2023-12-02 09:38:12 - [MESSAGE][WARNING] - [SELF-HEALING] The current locator of test object 'Object Repository/Page_OrangeHRM/i_oxd-icon bi-chevron-down' was broken. Propose an alternative one: '//div[@id='app']/div/div/header/div[2]/nav/ul/li[2]/span/i'.

2023-12-02 09:38:12 - [MESSAGE][PASSED] - Object: 'Object Repository/Page_OrangeHRM/i_oxd-icon bi-chevron-down' is clicked on

2023-12-02 09:38:12 - [TEST_STEP][PASSED] - click(findTestObject("Object Repository/Page_OrangeHRM/a_Work Shifts")): Object: 'Object Repository/Page_OrangeHRM/a_Work Shifts' is clicked on

2023-12-02 09:38:13 - [MESSAGE][PASSED] - Object: 'Object Repository/Page_OrangeHRM/a_Work Shifts' is clicked on

2023-12-02 09:38:13 - [TEST_STEP][PASSED] - closeBrowser(): Browser is closed

2023-12-02 09:38:13 - [MESSAGE][PASSED] - Browser is closed]]></system-out>
         <system-err><![CDATA[]]></system-err>
      </testcase>
      <system-out><![CDATA[2023-12-02 09:37:08 - [TEST_SUITE][PASSED] - Certification Test Suite 1: Test Cases/WorkShift]]></system-out>
      <system-err><![CDATA[]]></system-err>
   </testsuite>
</testsuites>
