<?xml version="1.0" encoding="UTF-8"?>
<testsuites name="TestSuite Collection for Certification" time="137.511" tests="8" failures="0" errors="0">
   <testsuite name="Certification Test Suite 2" tests="3" failures="0" errors="0" time="39.695" skipped="0" timestamp="2023-11-28 16:22:53" hostname="p80000642 - INBJHL80000642.CORP.DRREDDYS.COM" id="Test Suites/Certification Test Suite 2">
      <properties>
         <property name="deviceName" value=""/>
         <property name="devicePlatform" value=""/>
         <property name="logFolder" value="C:\\Users\\p80000642\\Katalon Studio\\My First Web UI Project\\Reports\\20231128_162240\\Certification Test Suite 2\\20231128_162241"/>
         <property name="logFiles" value="C:\\Users\\p80000642\\Katalon Studio\\My First Web UI Project\\Reports\\20231128_162240\\Certification Test Suite 2\\20231128_162241\\execution0.log"/>
         <property name="attachments" value=""/>
         <property name="hostName" value="p80000642 - INBJHL80000642.CORP.DRREDDYS.COM"/>
         <property name="os" value="Windows 10 64bit"/>
         <property name="katalonVersion" value="9.0.0.212"/>
         <property name="browser" value="Chrome 119.0.0.0"/>
         <property name="hostAddress" value="172.27.248.241"/>
         <property name="sessionId" value="50f4e10ecd03633d3599341bf40c7e5f"/>
         <property name="seleniumVersion" value="3.141.59"/>
         <property name="proxyInformation" value="ProxyInformation { proxyOption=NO_PROXY, proxyServerType=HTTP, username=, password=********, proxyServerAddress=, proxyServerPort=0, executionList=&quot;&quot;, isApplyToDesiredCapabilities=true }"/>
         <property name="platform" value="Windows 10"/>
      </properties>
      <testcase name="Test Cases/Add Pay Grade" time="17.912" classname="Test Cases/Add Pay Grade" status="PASSED">
         <system-out><![CDATA[2023-11-28 16:22:53 - [TEST_CASE][PASSED] - Test Cases/Add Pay Grade: Test Cases/Add Pay Grade

2023-11-28 16:22:53 - [TEST_STEP][PASSED] - openBrowser(""): Browser is opened with url: ''

2023-11-28 16:22:53 - [MESSAGE][INFO] - Starting 'Chrome' driver

2023-11-28 16:22:53 - [MESSAGE][INFO] - Action delay is set to 0 milliseconds

2023-11-28 16:22:55 - [MESSAGE][PASSED] - Browser is opened with url: ''

2023-11-28 16:22:55 - [TEST_STEP][PASSED] - navigateToUrl("https://opensource-demo.orangehrmlive.com/web/index.php/auth/login"): Navigate to 'https://opensource-demo.orangehrmlive.com/web/index.php/auth/login' successfully

2023-11-28 16:22:59 - [MESSAGE][PASSED] - Navigate to 'https://opensource-demo.orangehrmlive.com/web/index.php/auth/login' successfully

2023-11-28 16:22:59 - [TEST_STEP][PASSED] - setText(findTestObject("Object Repository/Page_OrangeHRM/input_username"), "admin"): Text 'admin' is set on object 'Object Repository/Page_OrangeHRM/input_username'

2023-11-28 16:23:01 - [MESSAGE][PASSED] - Text 'admin' is set on object 'Object Repository/Page_OrangeHRM/input_username'

2023-11-28 16:23:01 - [TEST_STEP][PASSED] - setEncryptedText(findTestObject("Object Repository/Page_OrangeHRM/Page_OrangeHRM/input_Password_password"), "hUKwJTbofgPU9eVlw/CnDQ=="): Text ****** has been set on object 'Object Repository/Page_OrangeHRM/Page_OrangeHRM/input_Password_password'

2023-11-28 16:23:01 - [MESSAGE][PASSED] - Text ****** has been set on object 'Object Repository/Page_OrangeHRM/Page_OrangeHRM/input_Password_password'

2023-11-28 16:23:01 - [TEST_STEP][PASSED] - waitForElementClickable(findTestObject("Object Repository/Page_OrangeHRM/button_Login"), 50): Object 'Object Repository/Page_OrangeHRM/button_Login' is clickable

2023-11-28 16:23:01 - [MESSAGE][PASSED] - Object 'Object Repository/Page_OrangeHRM/button_Login' is clickable

2023-11-28 16:23:01 - [TEST_STEP][PASSED] - click(findTestObject("Object Repository/Page_OrangeHRM/button_Login")): Object: 'Object Repository/Page_OrangeHRM/button_Login' is clicked on

2023-11-28 16:23:02 - [MESSAGE][PASSED] - Object: 'Object Repository/Page_OrangeHRM/button_Login' is clicked on

2023-11-28 16:23:02 - [TEST_STEP][PASSED] - click(findTestObject("Object Repository/Page_OrangeHRM/span_Admin")): Object: 'Object Repository/Page_OrangeHRM/span_Admin' is clicked on

2023-11-28 16:23:06 - [MESSAGE][PASSED] - Object: 'Object Repository/Page_OrangeHRM/span_Admin' is clicked on

2023-11-28 16:23:06 - [TEST_STEP][PASSED] - click(findTestObject("Object Repository/Page_OrangeHRM/i_oxd-icon bi-chevron-down")): Object: 'Object Repository/Page_OrangeHRM/i_oxd-icon bi-chevron-down' is clicked on

2023-11-28 16:23:08 - [MESSAGE][PASSED] - Object: 'Object Repository/Page_OrangeHRM/i_oxd-icon bi-chevron-down' is clicked on

2023-11-28 16:23:08 - [TEST_STEP][PASSED] - click(findTestObject("Object Repository/Page_OrangeHRM/a_Pay Grades")): Object: 'Object Repository/Page_OrangeHRM/a_Pay Grades' is clicked on

2023-11-28 16:23:09 - [MESSAGE][PASSED] - Object: 'Object Repository/Page_OrangeHRM/a_Pay Grades' is clicked on

2023-11-28 16:23:09 - [TEST_STEP][PASSED] - click(findTestObject("Object Repository/Page_OrangeHRM/button_Add")): Object: 'Object Repository/Page_OrangeHRM/button_Add' is clicked on

2023-11-28 16:23:11 - [MESSAGE][PASSED] - Object: 'Object Repository/Page_OrangeHRM/button_Add' is clicked on

2023-11-28 16:23:11 - [TEST_STEP][PASSED] - closeBrowser(): Browser is closed

2023-11-28 16:23:11 - [MESSAGE][PASSED] - Browser is closed]]></system-out>
         <system-err><![CDATA[]]></system-err>
      </testcase>
      <testcase name="Test Cases/Apply Leave" time="13.021" classname="Test Cases/Apply Leave" status="PASSED">
         <system-out><![CDATA[2023-11-28 16:23:11 - [TEST_CASE][PASSED] - Test Cases/Apply Leave: Test Cases/Apply Leave

2023-11-28 16:23:11 - [TEST_STEP][PASSED] - openBrowser(""): Browser is opened with url: ''

2023-11-28 16:23:11 - [MESSAGE][INFO] - Starting 'Chrome' driver

2023-11-28 16:23:11 - [MESSAGE][INFO] - Action delay is set to 0 milliseconds

2023-11-28 16:23:12 - [MESSAGE][PASSED] - Browser is opened with url: ''

2023-11-28 16:23:12 - [TEST_STEP][PASSED] - navigateToUrl("https://opensource-demo.orangehrmlive.com/web/index.php/auth/login"): Navigate to 'https://opensource-demo.orangehrmlive.com/web/index.php/auth/login' successfully

2023-11-28 16:23:15 - [MESSAGE][PASSED] - Navigate to 'https://opensource-demo.orangehrmlive.com/web/index.php/auth/login' successfully

2023-11-28 16:23:15 - [TEST_STEP][PASSED] - setText(findTestObject("Object Repository/Page_OrangeHRM/input_username"), "admin"): Text 'admin' is set on object 'Object Repository/Page_OrangeHRM/input_username'

2023-11-28 16:23:16 - [MESSAGE][PASSED] - Text 'admin' is set on object 'Object Repository/Page_OrangeHRM/input_username'

2023-11-28 16:23:16 - [TEST_STEP][PASSED] - setEncryptedText(findTestObject("Object Repository/Page_OrangeHRM/Page_OrangeHRM/input_Password_password"), "hUKwJTbofgPU9eVlw/CnDQ=="): Text ****** has been set on object 'Object Repository/Page_OrangeHRM/Page_OrangeHRM/input_Password_password'

2023-11-28 16:23:17 - [MESSAGE][PASSED] - Text ****** has been set on object 'Object Repository/Page_OrangeHRM/Page_OrangeHRM/input_Password_password'

2023-11-28 16:23:17 - [TEST_STEP][PASSED] - waitForElementClickable(findTestObject("Object Repository/Page_OrangeHRM/button_Login"), 50): Object 'Object Repository/Page_OrangeHRM/button_Login' is clickable

2023-11-28 16:23:17 - [MESSAGE][PASSED] - Object 'Object Repository/Page_OrangeHRM/button_Login' is clickable

2023-11-28 16:23:17 - [TEST_STEP][PASSED] - click(findTestObject("Object Repository/Page_OrangeHRM/button_Login")): Object: 'Object Repository/Page_OrangeHRM/button_Login' is clicked on

2023-11-28 16:23:17 - [MESSAGE][PASSED] - Object: 'Object Repository/Page_OrangeHRM/button_Login' is clicked on

2023-11-28 16:23:17 - [TEST_STEP][PASSED] - click(findTestObject("Object Repository/Page_OrangeHRM/a_Leave")): Object: 'Object Repository/Page_OrangeHRM/a_Leave' is clicked on

2023-11-28 16:23:21 - [MESSAGE][PASSED] - Object: 'Object Repository/Page_OrangeHRM/a_Leave' is clicked on

2023-11-28 16:23:21 - [TEST_STEP][PASSED] - click(findTestObject("Object Repository/Page_OrangeHRM/a_Apply")): Object: 'Object Repository/Page_OrangeHRM/a_Apply' is clicked on

2023-11-28 16:23:24 - [MESSAGE][PASSED] - Object: 'Object Repository/Page_OrangeHRM/a_Apply' is clicked on]]></system-out>
         <system-err><![CDATA[]]></system-err>
      </testcase>
      <testcase name="Test Cases/Forgot Password" time="8.585" classname="Test Cases/Forgot Password" status="PASSED">
         <system-out><![CDATA[2023-11-28 16:23:24 - [TEST_CASE][PASSED] - Test Cases/Forgot Password: Test Cases/Forgot Password

2023-11-28 16:23:24 - [TEST_STEP][PASSED] - openBrowser(""): Browser is opened with url: ''

2023-11-28 16:23:24 - [MESSAGE][WARNING] - A browser is already opened. Closing browser and opening a new one

2023-11-28 16:23:24 - [MESSAGE][INFO] - Starting 'Chrome' driver

2023-11-28 16:23:24 - [MESSAGE][INFO] - Action delay is set to 0 milliseconds

2023-11-28 16:23:25 - [MESSAGE][PASSED] - Browser is opened with url: ''

2023-11-28 16:23:25 - [TEST_STEP][PASSED] - navigateToUrl("https://opensource-demo.orangehrmlive.com/web/index.php/auth/login"): Navigate to 'https://opensource-demo.orangehrmlive.com/web/index.php/auth/login' successfully

2023-11-28 16:23:27 - [MESSAGE][PASSED] - Navigate to 'https://opensource-demo.orangehrmlive.com/web/index.php/auth/login' successfully

2023-11-28 16:23:27 - [TEST_STEP][PASSED] - click(findTestObject("Object Repository/Page_OrangeHRM/input_username")): Object: 'Object Repository/Page_OrangeHRM/input_username' is clicked on

2023-11-28 16:23:28 - [MESSAGE][PASSED] - Object: 'Object Repository/Page_OrangeHRM/input_username' is clicked on

2023-11-28 16:23:28 - [TEST_STEP][PASSED] - setText(findTestObject("Object Repository/Page_OrangeHRM/input_username"), "Admin"): Text 'Admin' is set on object 'Object Repository/Page_OrangeHRM/input_username'

2023-11-28 16:23:29 - [MESSAGE][PASSED] - Text 'Admin' is set on object 'Object Repository/Page_OrangeHRM/input_username'

2023-11-28 16:23:29 - [TEST_STEP][PASSED] - click(findTestObject("Object Repository/Page_OrangeHRM/p_Forgot your password")): Object: 'Object Repository/Page_OrangeHRM/p_Forgot your password' is clicked on

2023-11-28 16:23:30 - [MESSAGE][PASSED] - Object: 'Object Repository/Page_OrangeHRM/p_Forgot your password' is clicked on

2023-11-28 16:23:30 - [TEST_STEP][PASSED] - setText(findTestObject("Object Repository/Page_OrangeHRM/input_username"), "Admin1"): Text 'Admin1' is set on object 'Object Repository/Page_OrangeHRM/input_username'

2023-11-28 16:23:31 - [MESSAGE][PASSED] - Text 'Admin1' is set on object 'Object Repository/Page_OrangeHRM/input_username'

2023-11-28 16:23:31 - [TEST_STEP][PASSED] - click(findTestObject("Object Repository/Page_OrangeHRM/button_Reset Password")): Object: 'Object Repository/Page_OrangeHRM/button_Reset Password' is clicked on

2023-11-28 16:23:31 - [MESSAGE][PASSED] - Object: 'Object Repository/Page_OrangeHRM/button_Reset Password' is clicked on

2023-11-28 16:23:31 - [TEST_STEP][PASSED] - verifyElementText(findTestObject("Object Repository/Page_OrangeHRM/h6_Reset Password link sent successfully"), "Reset Password link sent successfully"): Actual text and expected text of test object 'Object Repository/Page_OrangeHRM/h6_Reset Password link sent successfully' are matched.

2023-11-28 16:23:32 - [MESSAGE][PASSED] - Actual text and expected text of test object 'Object Repository/Page_OrangeHRM/h6_Reset Password link sent successfully' are matched.

2023-11-28 16:23:32 - [TEST_STEP][PASSED] - closeBrowser(): Browser is closed

2023-11-28 16:23:32 - [MESSAGE][PASSED] - Browser is closed]]></system-out>
         <system-err><![CDATA[]]></system-err>
      </testcase>
      <system-out><![CDATA[2023-11-28 16:22:53 - [TEST_SUITE][PASSED] - Certification Test Suite 2: Test Cases/Forgot Password]]></system-out>
      <system-err><![CDATA[]]></system-err>
   </testsuite>
   <testsuite name="Certification Test Suite 3" tests="2" failures="0" errors="0" time="32.559" skipped="0" timestamp="2023-11-28 16:23:44" hostname="p80000642 - INBJHL80000642.CORP.DRREDDYS.COM" id="Test Suites/Certification Test Suite 3">
      <properties>
         <property name="deviceName" value=""/>
         <property name="devicePlatform" value=""/>
         <property name="logFolder" value="C:\\Users\\p80000642\\Katalon Studio\\My First Web UI Project\\Reports\\20231128_162240\\Certification Test Suite 3\\20231128_162243"/>
         <property name="logFiles" value="C:\\Users\\p80000642\\Katalon Studio\\My First Web UI Project\\Reports\\20231128_162240\\Certification Test Suite 3\\20231128_162243\\execution0.log"/>
         <property name="attachments" value=""/>
         <property name="hostName" value="p80000642 - INBJHL80000642.CORP.DRREDDYS.COM"/>
         <property name="os" value="Windows 10 64bit"/>
         <property name="katalonVersion" value="9.0.0.212"/>
         <property name="browser" value="Chrome 119.0.0.0"/>
         <property name="hostAddress" value="172.27.248.241"/>
         <property name="sessionId" value="2f35efe121452a4563677634409866a1"/>
         <property name="seleniumVersion" value="3.141.59"/>
         <property name="proxyInformation" value="ProxyInformation { proxyOption=NO_PROXY, proxyServerType=HTTP, username=, password=********, proxyServerAddress=, proxyServerPort=0, executionList=&quot;&quot;, isApplyToDesiredCapabilities=true }"/>
         <property name="platform" value="Windows 10"/>
      </properties>
      <testcase name="Test Cases/Users-No record found" time="17.248" classname="Test Cases/Users-No record found" status="PASSED">
         <system-out><![CDATA[2023-11-28 16:23:44 - [TEST_CASE][PASSED] - Test Cases/Users-No record found: Test Cases/Users-No record found

2023-11-28 16:23:44 - [TEST_STEP][PASSED] - openBrowser(""): Browser is opened with url: ''

2023-11-28 16:23:44 - [MESSAGE][INFO] - Starting 'Chrome' driver

2023-11-28 16:23:44 - [MESSAGE][INFO] - Action delay is set to 0 milliseconds

2023-11-28 16:23:45 - [MESSAGE][PASSED] - Browser is opened with url: ''

2023-11-28 16:23:45 - [TEST_STEP][PASSED] - navigateToUrl("https://opensource-demo.orangehrmlive.com/web/index.php/auth/login"): Navigate to 'https://opensource-demo.orangehrmlive.com/web/index.php/auth/login' successfully

2023-11-28 16:23:48 - [MESSAGE][PASSED] - Navigate to 'https://opensource-demo.orangehrmlive.com/web/index.php/auth/login' successfully

2023-11-28 16:23:48 - [TEST_STEP][PASSED] - waitForPageLoad(100): Wait for page load successfully

2023-11-28 16:23:48 - [MESSAGE][PASSED] - Wait for page load successfully

2023-11-28 16:23:48 - [TEST_STEP][PASSED] - waitForElementPresent(findTestObject("Object Repository/Page_OrangeHRM/input_username"), 100): Object 'Object Repository/Page_OrangeHRM/input_username' is present

2023-11-28 16:23:49 - [MESSAGE][PASSED] - Object 'Object Repository/Page_OrangeHRM/input_username' is present

2023-11-28 16:23:49 - [TEST_STEP][PASSED] - setText(findTestObject("Object Repository/Page_OrangeHRM/input_username"), "Admin"): Text 'Admin' is set on object 'Object Repository/Page_OrangeHRM/input_username'

2023-11-28 16:23:50 - [MESSAGE][PASSED] - Text 'Admin' is set on object 'Object Repository/Page_OrangeHRM/input_username'

2023-11-28 16:23:50 - [TEST_STEP][PASSED] - setEncryptedText(findTestObject("Object Repository/Page_OrangeHRM/Page_OrangeHRM/input_Password_password"), "hUKwJTbofgPU9eVlw/CnDQ=="): Text ****** has been set on object 'Object Repository/Page_OrangeHRM/Page_OrangeHRM/input_Password_password'

2023-11-28 16:23:50 - [MESSAGE][PASSED] - Text ****** has been set on object 'Object Repository/Page_OrangeHRM/Page_OrangeHRM/input_Password_password'

2023-11-28 16:23:50 - [TEST_STEP][PASSED] - waitForElementClickable(findTestObject("Object Repository/Page_OrangeHRM/button_Login"), 50): Object 'Object Repository/Page_OrangeHRM/button_Login' is clickable

2023-11-28 16:23:51 - [MESSAGE][PASSED] - Object 'Object Repository/Page_OrangeHRM/button_Login' is clickable

2023-11-28 16:23:51 - [TEST_STEP][PASSED] - click(findTestObject("Object Repository/Page_OrangeHRM/button_Login")): Object: 'Object Repository/Page_OrangeHRM/button_Login' is clicked on

2023-11-28 16:23:51 - [MESSAGE][PASSED] - Object: 'Object Repository/Page_OrangeHRM/button_Login' is clicked on

2023-11-28 16:23:51 - [TEST_STEP][PASSED] - click(findTestObject("Object Repository/Page_OrangeHRM/span_Admin")): Object: 'Object Repository/Page_OrangeHRM/span_Admin' is clicked on

2023-11-28 16:23:56 - [MESSAGE][PASSED] - Object: 'Object Repository/Page_OrangeHRM/span_Admin' is clicked on

2023-11-28 16:23:56 - [TEST_STEP][PASSED] - click(findTestObject("Object Repository/Page_OrangeHRM/span_User Management")): Object: 'Object Repository/Page_OrangeHRM/span_User Management' is clicked on

2023-11-28 16:23:57 - [MESSAGE][PASSED] - Object: 'Object Repository/Page_OrangeHRM/span_User Management' is clicked on

2023-11-28 16:23:57 - [TEST_STEP][PASSED] - click(findTestObject("Object Repository/Page_OrangeHRM/a_Users")): Object: 'Object Repository/Page_OrangeHRM/a_Users' is clicked on

2023-11-28 16:23:58 - [MESSAGE][PASSED] - Object: 'Object Repository/Page_OrangeHRM/a_Users' is clicked on

2023-11-28 16:23:58 - [TEST_STEP][PASSED] - click(findTestObject("Object Repository/Page_OrangeHRM/input_Employee Full Name_firstName")): Object: 'Object Repository/Page_OrangeHRM/input_Employee Full Name_firstName' is clicked on

2023-11-28 16:24:00 - [MESSAGE][PASSED] - Object: 'Object Repository/Page_OrangeHRM/input_Employee Full Name_firstName' is clicked on

2023-11-28 16:24:00 - [TEST_STEP][PASSED] - setText(findTestObject("Object Repository/Page_OrangeHRM/input_Employee Full Name_firstName"), "a"): Text 'a' is set on object 'Object Repository/Page_OrangeHRM/input_Employee Full Name_firstName'

2023-11-28 16:24:00 - [MESSAGE][PASSED] - Text 'a' is set on object 'Object Repository/Page_OrangeHRM/input_Employee Full Name_firstName'

2023-11-28 16:24:00 - [TEST_STEP][PASSED] - click(findTestObject("Object Repository/Page_OrangeHRM/button_Search")): Object: 'Object Repository/Page_OrangeHRM/button_Search' is clicked on

2023-11-28 16:24:01 - [MESSAGE][PASSED] - Object: 'Object Repository/Page_OrangeHRM/button_Search' is clicked on

2023-11-28 16:24:01 - [TEST_STEP][PASSED] - closeBrowser(): Browser is closed

2023-11-28 16:24:01 - [MESSAGE][PASSED] - Browser is closed]]></system-out>
         <system-err><![CDATA[]]></system-err>
      </testcase>
      <testcase name="Test Cases/Users-record found" time="15.184" classname="Test Cases/Users-record found" status="PASSED">
         <system-out><![CDATA[2023-11-28 16:24:01 - [TEST_CASE][PASSED] - Test Cases/Users-record found: Test Cases/Users-record found

2023-11-28 16:24:01 - [TEST_STEP][PASSED] - openBrowser(""): Browser is opened with url: ''

2023-11-28 16:24:01 - [MESSAGE][INFO] - Starting 'Chrome' driver

2023-11-28 16:24:01 - [MESSAGE][INFO] - Action delay is set to 0 milliseconds

2023-11-28 16:24:02 - [MESSAGE][PASSED] - Browser is opened with url: ''

2023-11-28 16:24:02 - [TEST_STEP][PASSED] - navigateToUrl("https://opensource-demo.orangehrmlive.com/web/index.php/auth/login"): Navigate to 'https://opensource-demo.orangehrmlive.com/web/index.php/auth/login' successfully

2023-11-28 16:24:04 - [MESSAGE][PASSED] - Navigate to 'https://opensource-demo.orangehrmlive.com/web/index.php/auth/login' successfully

2023-11-28 16:24:04 - [TEST_STEP][PASSED] - waitForPageLoad(100): Wait for page load successfully

2023-11-28 16:24:04 - [MESSAGE][PASSED] - Wait for page load successfully

2023-11-28 16:24:04 - [TEST_STEP][PASSED] - waitForElementPresent(findTestObject("Object Repository/Page_OrangeHRM/input_username"), 100): Object 'Object Repository/Page_OrangeHRM/input_username' is present

2023-11-28 16:24:05 - [MESSAGE][PASSED] - Object 'Object Repository/Page_OrangeHRM/input_username' is present

2023-11-28 16:24:05 - [TEST_STEP][PASSED] - setText(findTestObject("Object Repository/Page_OrangeHRM/input_username"), "Admin"): Text 'Admin' is set on object 'Object Repository/Page_OrangeHRM/input_username'

2023-11-28 16:24:06 - [MESSAGE][PASSED] - Text 'Admin' is set on object 'Object Repository/Page_OrangeHRM/input_username'

2023-11-28 16:24:06 - [TEST_STEP][PASSED] - setEncryptedText(findTestObject("Object Repository/Page_OrangeHRM/Page_OrangeHRM/input_Password_password"), "hUKwJTbofgPU9eVlw/CnDQ=="): Text ****** has been set on object 'Object Repository/Page_OrangeHRM/Page_OrangeHRM/input_Password_password'

2023-11-28 16:24:06 - [MESSAGE][PASSED] - Text ****** has been set on object 'Object Repository/Page_OrangeHRM/Page_OrangeHRM/input_Password_password'

2023-11-28 16:24:06 - [TEST_STEP][PASSED] - waitForElementClickable(findTestObject("Object Repository/Page_OrangeHRM/button_Login"), 50): Object 'Object Repository/Page_OrangeHRM/button_Login' is clickable

2023-11-28 16:24:07 - [MESSAGE][PASSED] - Object 'Object Repository/Page_OrangeHRM/button_Login' is clickable

2023-11-28 16:24:07 - [TEST_STEP][PASSED] - click(findTestObject("Object Repository/Page_OrangeHRM/button_Login")): Object: 'Object Repository/Page_OrangeHRM/button_Login' is clicked on

2023-11-28 16:24:07 - [MESSAGE][PASSED] - Object: 'Object Repository/Page_OrangeHRM/button_Login' is clicked on

2023-11-28 16:24:07 - [TEST_STEP][PASSED] - click(findTestObject("Object Repository/Page_OrangeHRM/span_Admin")): Object: 'Object Repository/Page_OrangeHRM/span_Admin' is clicked on

2023-11-28 16:24:11 - [MESSAGE][PASSED] - Object: 'Object Repository/Page_OrangeHRM/span_Admin' is clicked on

2023-11-28 16:24:11 - [TEST_STEP][PASSED] - click(findTestObject("Object Repository/Page_OrangeHRM/span_User Management")): Object: 'Object Repository/Page_OrangeHRM/span_User Management' is clicked on

2023-11-28 16:24:13 - [MESSAGE][PASSED] - Object: 'Object Repository/Page_OrangeHRM/span_User Management' is clicked on

2023-11-28 16:24:13 - [TEST_STEP][PASSED] - click(findTestObject("Object Repository/Page_OrangeHRM/a_Users")): Object: 'Object Repository/Page_OrangeHRM/a_Users' is clicked on

2023-11-28 16:24:14 - [MESSAGE][PASSED] - Object: 'Object Repository/Page_OrangeHRM/a_Users' is clicked on

2023-11-28 16:24:14 - [TEST_STEP][PASSED] - click(findTestObject("Object Repository/Page_OrangeHRM/input_Employee Full Name_firstName")): Object: 'Object Repository/Page_OrangeHRM/input_Employee Full Name_firstName' is clicked on

2023-11-28 16:24:15 - [MESSAGE][PASSED] - Object: 'Object Repository/Page_OrangeHRM/input_Employee Full Name_firstName' is clicked on

2023-11-28 16:24:15 - [TEST_STEP][PASSED] - setText(findTestObject("Object Repository/Page_OrangeHRM/input_Employee Full Name_firstName"), "admin"): Text 'admin' is set on object 'Object Repository/Page_OrangeHRM/input_Employee Full Name_firstName'

2023-11-28 16:24:16 - [MESSAGE][PASSED] - Text 'admin' is set on object 'Object Repository/Page_OrangeHRM/input_Employee Full Name_firstName'

2023-11-28 16:24:16 - [TEST_STEP][PASSED] - click(findTestObject("Object Repository/Page_OrangeHRM/button_Search")): Object: 'Object Repository/Page_OrangeHRM/button_Search' is clicked on

2023-11-28 16:24:16 - [MESSAGE][PASSED] - Object: 'Object Repository/Page_OrangeHRM/button_Search' is clicked on

2023-11-28 16:24:16 - [TEST_STEP][PASSED] - closeBrowser(): Browser is closed

2023-11-28 16:24:16 - [MESSAGE][PASSED] - Browser is closed]]></system-out>
         <system-err><![CDATA[]]></system-err>
      </testcase>
      <system-out><![CDATA[2023-11-28 16:23:44 - [TEST_SUITE][PASSED] - Certification Test Suite 3: Test Cases/Users-record found]]></system-out>
      <system-err><![CDATA[]]></system-err>
   </testsuite>
   <testsuite name="Certification Test Suite 1" tests="3" failures="0" errors="0" time="35.17" skipped="0" timestamp="2023-11-28 16:24:28" hostname="p80000642 - INBJHL80000642.CORP.DRREDDYS.COM" id="Test Suites/Certification Test Suite 1">
      <properties>
         <property name="deviceName" value=""/>
         <property name="devicePlatform" value=""/>
         <property name="logFolder" value="C:\\Users\\p80000642\\Katalon Studio\\My First Web UI Project\\Reports\\20231128_162240\\Certification Test Suite 1\\20231128_162245"/>
         <property name="logFiles" value="C:\\Users\\p80000642\\Katalon Studio\\My First Web UI Project\\Reports\\20231128_162240\\Certification Test Suite 1\\20231128_162245\\execution0.log"/>
         <property name="attachments" value=""/>
         <property name="hostName" value="p80000642 - INBJHL80000642.CORP.DRREDDYS.COM"/>
         <property name="os" value="Windows 10 64bit"/>
         <property name="katalonVersion" value="9.0.0.212"/>
         <property name="browser" value="Chrome 119.0.0.0"/>
         <property name="hostAddress" value="172.27.248.241"/>
         <property name="sessionId" value="d116f47b2457198a4900982d7a0cb358"/>
         <property name="seleniumVersion" value="3.141.59"/>
         <property name="proxyInformation" value="ProxyInformation { proxyOption=NO_PROXY, proxyServerType=HTTP, username=, password=********, proxyServerAddress=, proxyServerPort=0, executionList=&quot;&quot;, isApplyToDesiredCapabilities=true }"/>
         <property name="platform" value="Windows 10"/>
      </properties>
      <testcase name="Test Cases/Login OHR" time="8.457" classname="Test Cases/Login OHR" status="PASSED">
         <system-out><![CDATA[2023-11-28 16:24:28 - [TEST_CASE][PASSED] - Test Cases/Login OHR: Test Cases/Login OHR

2023-11-28 16:24:28 - [TEST_STEP][PASSED] - openBrowser(""): Browser is opened with url: ''

2023-11-28 16:24:28 - [MESSAGE][INFO] - Starting 'Chrome' driver

2023-11-28 16:24:28 - [MESSAGE][INFO] - Action delay is set to 0 milliseconds

2023-11-28 16:24:29 - [MESSAGE][PASSED] - Browser is opened with url: ''

2023-11-28 16:24:29 - [TEST_STEP][PASSED] - navigateToUrl("https://opensource-demo.orangehrmlive.com/web/index.php/auth/login"): Navigate to 'https://opensource-demo.orangehrmlive.com/web/index.php/auth/login' successfully

2023-11-28 16:24:34 - [MESSAGE][PASSED] - Navigate to 'https://opensource-demo.orangehrmlive.com/web/index.php/auth/login' successfully

2023-11-28 16:24:34 - [TEST_STEP][PASSED] - waitForPageLoad(100): Wait for page load successfully

2023-11-28 16:24:34 - [MESSAGE][PASSED] - Wait for page load successfully

2023-11-28 16:24:34 - [TEST_STEP][PASSED] - waitForElementPresent(findTestObject("Object Repository/Page_OrangeHRM/input_username"), 100): Object 'Object Repository/Page_OrangeHRM/input_username' is present

2023-11-28 16:24:35 - [MESSAGE][PASSED] - Object 'Object Repository/Page_OrangeHRM/input_username' is present

2023-11-28 16:24:35 - [TEST_STEP][PASSED] - setText(findTestObject("Object Repository/Page_OrangeHRM/input_username"), "Admin"): Text 'Admin' is set on object 'Object Repository/Page_OrangeHRM/input_username'

2023-11-28 16:24:35 - [MESSAGE][PASSED] - Text 'Admin' is set on object 'Object Repository/Page_OrangeHRM/input_username'

2023-11-28 16:24:35 - [TEST_STEP][PASSED] - setEncryptedText(findTestObject("Object Repository/Page_OrangeHRM/Page_OrangeHRM/input_Password_password"), "hUKwJTbofgPU9eVlw/CnDQ=="): Text ****** has been set on object 'Object Repository/Page_OrangeHRM/Page_OrangeHRM/input_Password_password'

2023-11-28 16:24:35 - [MESSAGE][PASSED] - Text ****** has been set on object 'Object Repository/Page_OrangeHRM/Page_OrangeHRM/input_Password_password'

2023-11-28 16:24:35 - [TEST_STEP][PASSED] - waitForElementClickable(findTestObject("Object Repository/Page_OrangeHRM/button_Login"), 50): Object 'Object Repository/Page_OrangeHRM/button_Login' is clickable

2023-11-28 16:24:36 - [MESSAGE][PASSED] - Object 'Object Repository/Page_OrangeHRM/button_Login' is clickable

2023-11-28 16:24:36 - [TEST_STEP][PASSED] - click(findTestObject("Object Repository/Page_OrangeHRM/button_Login")): Object: 'Object Repository/Page_OrangeHRM/button_Login' is clicked on

2023-11-28 16:24:36 - [MESSAGE][PASSED] - Object: 'Object Repository/Page_OrangeHRM/button_Login' is clicked on

2023-11-28 16:24:36 - [TEST_STEP][PASSED] - closeBrowser(): Browser is closed

2023-11-28 16:24:36 - [MESSAGE][PASSED] - Browser is closed]]></system-out>
         <system-err><![CDATA[]]></system-err>
      </testcase>
      <testcase name="Test Cases/Add Empl" time="13.829" classname="Test Cases/Add Empl" status="PASSED">
         <system-out><![CDATA[2023-11-28 16:24:36 - [TEST_CASE][PASSED] - Test Cases/Add Empl: Test Cases/Add Empl

2023-11-28 16:24:36 - [TEST_STEP][PASSED] - openBrowser(""): Browser is opened with url: ''

2023-11-28 16:24:36 - [MESSAGE][INFO] - Starting 'Chrome' driver

2023-11-28 16:24:36 - [MESSAGE][INFO] - Action delay is set to 0 milliseconds

2023-11-28 16:24:37 - [MESSAGE][PASSED] - Browser is opened with url: ''

2023-11-28 16:24:37 - [TEST_STEP][PASSED] - navigateToUrl("https://opensource-demo.orangehrmlive.com/web/index.php/auth/login"): Navigate to 'https://opensource-demo.orangehrmlive.com/web/index.php/auth/login' successfully

2023-11-28 16:24:41 - [MESSAGE][PASSED] - Navigate to 'https://opensource-demo.orangehrmlive.com/web/index.php/auth/login' successfully

2023-11-28 16:24:41 - [TEST_STEP][PASSED] - waitForPageLoad(100): Wait for page load successfully

2023-11-28 16:24:41 - [MESSAGE][PASSED] - Wait for page load successfully

2023-11-28 16:24:41 - [TEST_STEP][PASSED] - waitForElementPresent(findTestObject("Object Repository/Page_OrangeHRM/input_username"), 100): Object 'Object Repository/Page_OrangeHRM/input_username' is present

2023-11-28 16:24:42 - [MESSAGE][PASSED] - Object 'Object Repository/Page_OrangeHRM/input_username' is present

2023-11-28 16:24:42 - [TEST_STEP][PASSED] - setText(findTestObject("Object Repository/Page_OrangeHRM/input_username"), "Admin"): Text 'Admin' is set on object 'Object Repository/Page_OrangeHRM/input_username'

2023-11-28 16:24:42 - [MESSAGE][PASSED] - Text 'Admin' is set on object 'Object Repository/Page_OrangeHRM/input_username'

2023-11-28 16:24:42 - [TEST_STEP][PASSED] - setEncryptedText(findTestObject("Object Repository/Page_OrangeHRM/Page_OrangeHRM/input_Password_password"), "hUKwJTbofgPU9eVlw/CnDQ=="): Text ****** has been set on object 'Object Repository/Page_OrangeHRM/Page_OrangeHRM/input_Password_password'

2023-11-28 16:24:43 - [MESSAGE][PASSED] - Text ****** has been set on object 'Object Repository/Page_OrangeHRM/Page_OrangeHRM/input_Password_password'

2023-11-28 16:24:43 - [TEST_STEP][PASSED] - waitForElementClickable(findTestObject("Object Repository/Page_OrangeHRM/button_Login"), 50): Object 'Object Repository/Page_OrangeHRM/button_Login' is clickable

2023-11-28 16:24:43 - [MESSAGE][PASSED] - Object 'Object Repository/Page_OrangeHRM/button_Login' is clickable

2023-11-28 16:24:43 - [TEST_STEP][PASSED] - click(findTestObject("Object Repository/Page_OrangeHRM/button_Login")): Object: 'Object Repository/Page_OrangeHRM/button_Login' is clicked on

2023-11-28 16:24:43 - [MESSAGE][PASSED] - Object: 'Object Repository/Page_OrangeHRM/button_Login' is clicked on

2023-11-28 16:24:43 - [TEST_STEP][PASSED] - waitForPageLoad(100): Wait for page load successfully

2023-11-28 16:24:44 - [MESSAGE][PASSED] - Wait for page load successfully

2023-11-28 16:24:44 - [TEST_STEP][PASSED] - click(findTestObject("Object Repository/Page_OrangeHRM/a_PIM")): Object: 'Object Repository/Page_OrangeHRM/a_PIM' is clicked on

2023-11-28 16:24:48 - [MESSAGE][PASSED] - Object: 'Object Repository/Page_OrangeHRM/a_PIM' is clicked on

2023-11-28 16:24:48 - [TEST_STEP][PASSED] - waitForPageLoad(100): Wait for page load successfully

2023-11-28 16:24:48 - [MESSAGE][PASSED] - Wait for page load successfully

2023-11-28 16:24:48 - [TEST_STEP][PASSED] - click(findTestObject("Object Repository/Page_OrangeHRM/a_Add Employee")): Object: 'Object Repository/Page_OrangeHRM/a_Add Employee' is clicked on

2023-11-28 16:24:50 - [MESSAGE][PASSED] - Object: 'Object Repository/Page_OrangeHRM/a_Add Employee' is clicked on

2023-11-28 16:24:50 - [TEST_STEP][PASSED] - waitForPageLoad(50): Wait for page load successfully

2023-11-28 16:24:50 - [MESSAGE][PASSED] - Wait for page load successfully

2023-11-28 16:24:50 - [TEST_STEP][PASSED] - closeBrowser(): Browser is closed

2023-11-28 16:24:50 - [MESSAGE][PASSED] - Browser is closed]]></system-out>
         <system-err><![CDATA[]]></system-err>
      </testcase>
      <testcase name="Test Cases/WorkShift" time="12.75" classname="Test Cases/WorkShift" status="PASSED">
         <system-out><![CDATA[2023-11-28 16:24:50 - [TEST_CASE][PASSED] - Test Cases/WorkShift: Test Cases/WorkShift

2023-11-28 16:24:50 - [TEST_STEP][PASSED] - openBrowser(""): Browser is opened with url: ''

2023-11-28 16:24:50 - [MESSAGE][INFO] - Starting 'Chrome' driver

2023-11-28 16:24:50 - [MESSAGE][INFO] - Action delay is set to 0 milliseconds

2023-11-28 16:24:51 - [MESSAGE][PASSED] - Browser is opened with url: ''

2023-11-28 16:24:51 - [TEST_STEP][PASSED] - navigateToUrl("https://opensource-demo.orangehrmlive.com/web/index.php/auth/login"): Navigate to 'https://opensource-demo.orangehrmlive.com/web/index.php/auth/login' successfully

2023-11-28 16:24:54 - [MESSAGE][PASSED] - Navigate to 'https://opensource-demo.orangehrmlive.com/web/index.php/auth/login' successfully

2023-11-28 16:24:54 - [TEST_STEP][PASSED] - waitForPageLoad(100): Wait for page load successfully

2023-11-28 16:24:54 - [MESSAGE][PASSED] - Wait for page load successfully

2023-11-28 16:24:54 - [TEST_STEP][PASSED] - waitForElementPresent(findTestObject("Object Repository/Page_OrangeHRM/input_username"), 100): Object 'Object Repository/Page_OrangeHRM/input_username' is present

2023-11-28 16:24:55 - [MESSAGE][PASSED] - Object 'Object Repository/Page_OrangeHRM/input_username' is present

2023-11-28 16:24:55 - [TEST_STEP][PASSED] - setText(findTestObject("Object Repository/Page_OrangeHRM/input_username"), "Admin"): Text 'Admin' is set on object 'Object Repository/Page_OrangeHRM/input_username'

2023-11-28 16:24:55 - [MESSAGE][PASSED] - Text 'Admin' is set on object 'Object Repository/Page_OrangeHRM/input_username'

2023-11-28 16:24:55 - [TEST_STEP][PASSED] - setEncryptedText(findTestObject("Object Repository/Page_OrangeHRM/Page_OrangeHRM/input_Password_password"), "hUKwJTbofgPU9eVlw/CnDQ=="): Text ****** has been set on object 'Object Repository/Page_OrangeHRM/Page_OrangeHRM/input_Password_password'

2023-11-28 16:24:56 - [MESSAGE][PASSED] - Text ****** has been set on object 'Object Repository/Page_OrangeHRM/Page_OrangeHRM/input_Password_password'

2023-11-28 16:24:56 - [TEST_STEP][PASSED] - waitForElementClickable(findTestObject("Object Repository/Page_OrangeHRM/button_Login"), 50): Object 'Object Repository/Page_OrangeHRM/button_Login' is clickable

2023-11-28 16:24:56 - [MESSAGE][PASSED] - Object 'Object Repository/Page_OrangeHRM/button_Login' is clickable

2023-11-28 16:24:56 - [TEST_STEP][PASSED] - click(findTestObject("Object Repository/Page_OrangeHRM/button_Login")): Object: 'Object Repository/Page_OrangeHRM/button_Login' is clicked on

2023-11-28 16:24:56 - [MESSAGE][PASSED] - Object: 'Object Repository/Page_OrangeHRM/button_Login' is clicked on

2023-11-28 16:24:56 - [TEST_STEP][PASSED] - waitForPageLoad(100): Wait for page load successfully

2023-11-28 16:24:57 - [MESSAGE][PASSED] - Wait for page load successfully

2023-11-28 16:24:57 - [TEST_STEP][PASSED] - click(findTestObject("Object Repository/Page_OrangeHRM/a_Admin")): Object: 'Object Repository/Page_OrangeHRM/a_Admin' is clicked on

2023-11-28 16:25:00 - [MESSAGE][PASSED] - Object: 'Object Repository/Page_OrangeHRM/a_Admin' is clicked on

2023-11-28 16:25:00 - [TEST_STEP][PASSED] - click(findTestObject("Object Repository/Page_OrangeHRM/i_oxd-icon bi-chevron-down")): Object: 'Object Repository/Page_OrangeHRM/i_oxd-icon bi-chevron-down' is clicked on

2023-11-28 16:25:02 - [MESSAGE][PASSED] - Object: 'Object Repository/Page_OrangeHRM/i_oxd-icon bi-chevron-down' is clicked on

2023-11-28 16:25:02 - [TEST_STEP][PASSED] - click(findTestObject("Object Repository/Page_OrangeHRM/a_Work Shifts")): Object: 'Object Repository/Page_OrangeHRM/a_Work Shifts' is clicked on

2023-11-28 16:25:03 - [MESSAGE][PASSED] - Object: 'Object Repository/Page_OrangeHRM/a_Work Shifts' is clicked on

2023-11-28 16:25:03 - [TEST_STEP][PASSED] - closeBrowser(): Browser is closed

2023-11-28 16:25:03 - [MESSAGE][PASSED] - Browser is closed]]></system-out>
         <system-err><![CDATA[]]></system-err>
      </testcase>
      <system-out><![CDATA[2023-11-28 16:24:28 - [TEST_SUITE][PASSED] - Certification Test Suite 1: Test Cases/WorkShift]]></system-out>
      <system-err><![CDATA[]]></system-err>
   </testsuite>
</testsuites>
