<?xml version="1.0" encoding="UTF-8"?>
<testsuites name="Certification Test Suite" time="8.476" tests="1" failures="0" errors="0">
   <testsuite name="Certification Test Suite" tests="1" failures="0" errors="0" time="8.476" skipped="0" timestamp="2023-11-28 14:44:07" hostname="p80000642 - INBJHL80000642.CORP.DRREDDYS.COM" id="Test Suites/Certification Test Suite">
      <properties>
         <property name="deviceName" value=""/>
         <property name="devicePlatform" value=""/>
         <property name="logFolder" value="C:\\Users\\p80000642\\Katalon Studio\\My First Web UI Project\\Reports\\20231128_144402\\Certification Test Suite\\20231128_144402"/>
         <property name="logFiles" value="C:\\Users\\p80000642\\Katalon Studio\\My First Web UI Project\\Reports\\20231128_144402\\Certification Test Suite\\20231128_144402\\execution0.log"/>
         <property name="attachments" value=""/>
         <property name="hostName" value="p80000642 - INBJHL80000642.CORP.DRREDDYS.COM"/>
         <property name="os" value="Windows 10 64bit"/>
         <property name="katalonVersion" value="9.0.0.212"/>
         <property name="browser" value="Chrome 119.0.0.0"/>
         <property name="hostAddress" value="172.27.248.241"/>
         <property name="sessionId" value="5f038288c1ff5136f80cf6ae63c9f9f0"/>
         <property name="seleniumVersion" value="3.141.59"/>
         <property name="proxyInformation" value="ProxyInformation { proxyOption=NO_PROXY, proxyServerType=HTTP, username=, password=********, proxyServerAddress=, proxyServerPort=0, executionList=&quot;&quot;, isApplyToDesiredCapabilities=true }"/>
         <property name="platform" value="Windows 10"/>
      </properties>
      <testcase name="Test Cases/Login OHR" time="8.343" classname="Test Cases/Login OHR" status="PASSED">
         <system-out><![CDATA[2023-11-28 14:44:07 - [TEST_CASE][PASSED] - Test Cases/Login OHR: Test Cases/Login OHR

2023-11-28 14:44:08 - [TEST_STEP][PASSED] - openBrowser(""): Browser is opened with url: ''

2023-11-28 14:44:08 - [MESSAGE][INFO] - Starting 'Chrome' driver

2023-11-28 14:44:08 - [MESSAGE][INFO] - Action delay is set to 0 milliseconds

2023-11-28 14:44:09 - [MESSAGE][PASSED] - Browser is opened with url: ''

2023-11-28 14:44:09 - [TEST_STEP][PASSED] - navigateToUrl("https://opensource-demo.orangehrmlive.com/web/index.php/auth/login"): Navigate to 'https://opensource-demo.orangehrmlive.com/web/index.php/auth/login' successfully

2023-11-28 14:44:13 - [MESSAGE][PASSED] - Navigate to 'https://opensource-demo.orangehrmlive.com/web/index.php/auth/login' successfully

2023-11-28 14:44:13 - [TEST_STEP][PASSED] - waitForPageLoad(100): Wait for page load successfully

2023-11-28 14:44:13 - [MESSAGE][PASSED] - Wait for page load successfully

2023-11-28 14:44:13 - [TEST_STEP][PASSED] - waitForElementPresent(findTestObject("Object Repository/Page_OrangeHRM/input_username"), 100): Object 'Object Repository/Page_OrangeHRM/input_username' is present

2023-11-28 14:44:14 - [MESSAGE][PASSED] - Object 'Object Repository/Page_OrangeHRM/input_username' is present

2023-11-28 14:44:14 - [TEST_STEP][PASSED] - setText(findTestObject("Object Repository/Page_OrangeHRM/input_username"), "Admin"): Text 'Admin' is set on object 'Object Repository/Page_OrangeHRM/input_username'

2023-11-28 14:44:15 - [MESSAGE][PASSED] - Text 'Admin' is set on object 'Object Repository/Page_OrangeHRM/input_username'

2023-11-28 14:44:15 - [TEST_STEP][PASSED] - setEncryptedText(findTestObject("Object Repository/Page_OrangeHRM/Page_OrangeHRM/input_Password_password"), "hUKwJTbofgPU9eVlw/CnDQ=="): Text ****** has been set on object 'Object Repository/Page_OrangeHRM/Page_OrangeHRM/input_Password_password'

2023-11-28 14:44:15 - [MESSAGE][PASSED] - Text ****** has been set on object 'Object Repository/Page_OrangeHRM/Page_OrangeHRM/input_Password_password'

2023-11-28 14:44:15 - [TEST_STEP][PASSED] - waitForElementClickable(findTestObject("Object Repository/Page_OrangeHRM/button_Login"), 50): Object 'Object Repository/Page_OrangeHRM/button_Login' is clickable

2023-11-28 14:44:15 - [MESSAGE][PASSED] - Object 'Object Repository/Page_OrangeHRM/button_Login' is clickable

2023-11-28 14:44:15 - [TEST_STEP][PASSED] - click(findTestObject("Object Repository/Page_OrangeHRM/button_Login")): Object: 'Object Repository/Page_OrangeHRM/button_Login' is clicked on

2023-11-28 14:44:16 - [MESSAGE][PASSED] - Object: 'Object Repository/Page_OrangeHRM/button_Login' is clicked on

2023-11-28 14:44:16 - [TEST_STEP][PASSED] - closeBrowser(): Browser is closed

2023-11-28 14:44:16 - [MESSAGE][PASSED] - Browser is closed]]></system-out>
         <system-err><![CDATA[]]></system-err>
      </testcase>
      <system-out><![CDATA[2023-11-28 14:44:07 - [TEST_SUITE][PASSED] - Certification Test Suite: Test Cases/Login OHR]]></system-out>
      <system-err><![CDATA[]]></system-err>
   </testsuite>
</testsuites>
