<?xml version="1.0" encoding="UTF-8"?>
<testsuites name="Certification Test Suite 2" time="39.073" tests="3" failures="0" errors="0">
   <testsuite name="Certification Test Suite 2" tests="3" failures="0" errors="0" time="39.073" skipped="0" timestamp="2023-11-28 15:42:00" hostname="p80000642 - INBJHL80000642.CORP.DRREDDYS.COM" id="Test Suites/Certification Test Suite 2">
      <properties>
         <property name="deviceName" value=""/>
         <property name="devicePlatform" value=""/>
         <property name="logFolder" value="C:\\Users\\p80000642\\Katalon Studio\\My First Web UI Project\\Reports\\20231128_154153\\Certification Test Suite 2\\20231128_154154"/>
         <property name="logFiles" value="C:\\Users\\p80000642\\Katalon Studio\\My First Web UI Project\\Reports\\20231128_154153\\Certification Test Suite 2\\20231128_154154\\execution0.log"/>
         <property name="attachments" value=""/>
         <property name="hostName" value="p80000642 - INBJHL80000642.CORP.DRREDDYS.COM"/>
         <property name="os" value="Windows 10 64bit"/>
         <property name="katalonVersion" value="9.0.0.212"/>
         <property name="browser" value="Chrome 119.0.0.0"/>
         <property name="hostAddress" value="172.27.248.241"/>
         <property name="sessionId" value="776917a6109cda10cf3511b297629443"/>
         <property name="seleniumVersion" value="3.141.59"/>
         <property name="proxyInformation" value="ProxyInformation { proxyOption=NO_PROXY, proxyServerType=HTTP, username=, password=********, proxyServerAddress=, proxyServerPort=0, executionList=&quot;&quot;, isApplyToDesiredCapabilities=true }"/>
         <property name="platform" value="Windows 10"/>
      </properties>
      <testcase name="Test Cases/Add Pay Grade" time="16.712" classname="Test Cases/Add Pay Grade" status="PASSED">
         <system-out><![CDATA[2023-11-28 15:42:00 - [TEST_CASE][PASSED] - Test Cases/Add Pay Grade: Test Cases/Add Pay Grade

2023-11-28 15:42:00 - [TEST_STEP][PASSED] - openBrowser(""): Browser is opened with url: ''

2023-11-28 15:42:00 - [MESSAGE][INFO] - Starting 'Chrome' driver

2023-11-28 15:42:00 - [MESSAGE][INFO] - Action delay is set to 0 milliseconds

2023-11-28 15:42:02 - [MESSAGE][PASSED] - Browser is opened with url: ''

2023-11-28 15:42:02 - [TEST_STEP][PASSED] - navigateToUrl("https://opensource-demo.orangehrmlive.com/web/index.php/auth/login"): Navigate to 'https://opensource-demo.orangehrmlive.com/web/index.php/auth/login' successfully

2023-11-28 15:42:05 - [MESSAGE][PASSED] - Navigate to 'https://opensource-demo.orangehrmlive.com/web/index.php/auth/login' successfully

2023-11-28 15:42:05 - [TEST_STEP][PASSED] - setText(findTestObject("Object Repository/Page_OrangeHRM/input_username"), "admin"): Text 'admin' is set on object 'Object Repository/Page_OrangeHRM/input_username'

2023-11-28 15:42:07 - [MESSAGE][PASSED] - Text 'admin' is set on object 'Object Repository/Page_OrangeHRM/input_username'

2023-11-28 15:42:07 - [TEST_STEP][PASSED] - setEncryptedText(findTestObject("Object Repository/Page_OrangeHRM/Page_OrangeHRM/input_Password_password"), "hUKwJTbofgPU9eVlw/CnDQ=="): Text ****** has been set on object 'Object Repository/Page_OrangeHRM/Page_OrangeHRM/input_Password_password'

2023-11-28 15:42:07 - [MESSAGE][PASSED] - Text ****** has been set on object 'Object Repository/Page_OrangeHRM/Page_OrangeHRM/input_Password_password'

2023-11-28 15:42:07 - [TEST_STEP][PASSED] - waitForElementClickable(findTestObject("Object Repository/Page_OrangeHRM/button_Login"), 50): Object 'Object Repository/Page_OrangeHRM/button_Login' is clickable

2023-11-28 15:42:08 - [MESSAGE][PASSED] - Object 'Object Repository/Page_OrangeHRM/button_Login' is clickable

2023-11-28 15:42:08 - [TEST_STEP][PASSED] - click(findTestObject("Object Repository/Page_OrangeHRM/button_Login")): Object: 'Object Repository/Page_OrangeHRM/button_Login' is clicked on

2023-11-28 15:42:08 - [MESSAGE][PASSED] - Object: 'Object Repository/Page_OrangeHRM/button_Login' is clicked on

2023-11-28 15:42:08 - [TEST_STEP][PASSED] - click(findTestObject("Object Repository/Page_OrangeHRM/span_Admin")): Object: 'Object Repository/Page_OrangeHRM/span_Admin' is clicked on

2023-11-28 15:42:12 - [MESSAGE][PASSED] - Object: 'Object Repository/Page_OrangeHRM/span_Admin' is clicked on

2023-11-28 15:42:12 - [TEST_STEP][PASSED] - click(findTestObject("Object Repository/Page_OrangeHRM/i_oxd-icon bi-chevron-down")): Object: 'Object Repository/Page_OrangeHRM/i_oxd-icon bi-chevron-down' is clicked on

2023-11-28 15:42:14 - [MESSAGE][PASSED] - Object: 'Object Repository/Page_OrangeHRM/i_oxd-icon bi-chevron-down' is clicked on

2023-11-28 15:42:14 - [TEST_STEP][PASSED] - click(findTestObject("Object Repository/Page_OrangeHRM/a_Pay Grades")): Object: 'Object Repository/Page_OrangeHRM/a_Pay Grades' is clicked on

2023-11-28 15:42:15 - [MESSAGE][PASSED] - Object: 'Object Repository/Page_OrangeHRM/a_Pay Grades' is clicked on

2023-11-28 15:42:15 - [TEST_STEP][PASSED] - click(findTestObject("Object Repository/Page_OrangeHRM/button_Add")): Object: 'Object Repository/Page_OrangeHRM/button_Add' is clicked on

2023-11-28 15:42:16 - [MESSAGE][PASSED] - Object: 'Object Repository/Page_OrangeHRM/button_Add' is clicked on

2023-11-28 15:42:16 - [TEST_STEP][PASSED] - closeBrowser(): Browser is closed

2023-11-28 15:42:17 - [MESSAGE][PASSED] - Browser is closed]]></system-out>
         <system-err><![CDATA[]]></system-err>
      </testcase>
      <testcase name="Test Cases/Apply Leave" time="12.916" classname="Test Cases/Apply Leave" status="PASSED">
         <system-out><![CDATA[2023-11-28 15:42:17 - [TEST_CASE][PASSED] - Test Cases/Apply Leave: Test Cases/Apply Leave

2023-11-28 15:42:17 - [TEST_STEP][PASSED] - openBrowser(""): Browser is opened with url: ''

2023-11-28 15:42:17 - [MESSAGE][INFO] - Starting 'Chrome' driver

2023-11-28 15:42:17 - [MESSAGE][INFO] - Action delay is set to 0 milliseconds

2023-11-28 15:42:17 - [MESSAGE][PASSED] - Browser is opened with url: ''

2023-11-28 15:42:17 - [TEST_STEP][PASSED] - navigateToUrl("https://opensource-demo.orangehrmlive.com/web/index.php/auth/login"): Navigate to 'https://opensource-demo.orangehrmlive.com/web/index.php/auth/login' successfully

2023-11-28 15:42:21 - [MESSAGE][PASSED] - Navigate to 'https://opensource-demo.orangehrmlive.com/web/index.php/auth/login' successfully

2023-11-28 15:42:21 - [TEST_STEP][PASSED] - setText(findTestObject("Object Repository/Page_OrangeHRM/input_username"), "admin"): Text 'admin' is set on object 'Object Repository/Page_OrangeHRM/input_username'

2023-11-28 15:42:22 - [MESSAGE][PASSED] - Text 'admin' is set on object 'Object Repository/Page_OrangeHRM/input_username'

2023-11-28 15:42:22 - [TEST_STEP][PASSED] - setEncryptedText(findTestObject("Object Repository/Page_OrangeHRM/Page_OrangeHRM/input_Password_password"), "hUKwJTbofgPU9eVlw/CnDQ=="): Text ****** has been set on object 'Object Repository/Page_OrangeHRM/Page_OrangeHRM/input_Password_password'

2023-11-28 15:42:22 - [MESSAGE][PASSED] - Text ****** has been set on object 'Object Repository/Page_OrangeHRM/Page_OrangeHRM/input_Password_password'

2023-11-28 15:42:22 - [TEST_STEP][PASSED] - waitForElementClickable(findTestObject("Object Repository/Page_OrangeHRM/button_Login"), 50): Object 'Object Repository/Page_OrangeHRM/button_Login' is clickable

2023-11-28 15:42:23 - [MESSAGE][PASSED] - Object 'Object Repository/Page_OrangeHRM/button_Login' is clickable

2023-11-28 15:42:23 - [TEST_STEP][PASSED] - click(findTestObject("Object Repository/Page_OrangeHRM/button_Login")): Object: 'Object Repository/Page_OrangeHRM/button_Login' is clicked on

2023-11-28 15:42:23 - [MESSAGE][PASSED] - Object: 'Object Repository/Page_OrangeHRM/button_Login' is clicked on

2023-11-28 15:42:23 - [TEST_STEP][PASSED] - click(findTestObject("Object Repository/Page_OrangeHRM/a_Leave")): Object: 'Object Repository/Page_OrangeHRM/a_Leave' is clicked on

2023-11-28 15:42:27 - [MESSAGE][PASSED] - Object: 'Object Repository/Page_OrangeHRM/a_Leave' is clicked on

2023-11-28 15:42:27 - [TEST_STEP][PASSED] - click(findTestObject("Object Repository/Page_OrangeHRM/a_Apply")): Object: 'Object Repository/Page_OrangeHRM/a_Apply' is clicked on

2023-11-28 15:42:30 - [MESSAGE][PASSED] - Object: 'Object Repository/Page_OrangeHRM/a_Apply' is clicked on]]></system-out>
         <system-err><![CDATA[]]></system-err>
      </testcase>
      <testcase name="Test Cases/Forgot Password" time="9.317" classname="Test Cases/Forgot Password" status="PASSED">
         <system-out><![CDATA[2023-11-28 15:42:30 - [TEST_CASE][PASSED] - Test Cases/Forgot Password: Test Cases/Forgot Password

2023-11-28 15:42:30 - [TEST_STEP][PASSED] - openBrowser(""): Browser is opened with url: ''

2023-11-28 15:42:30 - [MESSAGE][WARNING] - A browser is already opened. Closing browser and opening a new one

2023-11-28 15:42:30 - [MESSAGE][INFO] - Starting 'Chrome' driver

2023-11-28 15:42:30 - [MESSAGE][INFO] - Action delay is set to 0 milliseconds

2023-11-28 15:42:31 - [MESSAGE][PASSED] - Browser is opened with url: ''

2023-11-28 15:42:31 - [TEST_STEP][PASSED] - navigateToUrl("https://opensource-demo.orangehrmlive.com/web/index.php/auth/login"): Navigate to 'https://opensource-demo.orangehrmlive.com/web/index.php/auth/login' successfully

2023-11-28 15:42:33 - [MESSAGE][PASSED] - Navigate to 'https://opensource-demo.orangehrmlive.com/web/index.php/auth/login' successfully

2023-11-28 15:42:33 - [TEST_STEP][PASSED] - click(findTestObject("Object Repository/Page_OrangeHRM/input_username")): Object: 'Object Repository/Page_OrangeHRM/input_username' is clicked on

2023-11-28 15:42:34 - [MESSAGE][PASSED] - Object: 'Object Repository/Page_OrangeHRM/input_username' is clicked on

2023-11-28 15:42:34 - [TEST_STEP][PASSED] - setText(findTestObject("Object Repository/Page_OrangeHRM/input_username"), "Admin"): Text 'Admin' is set on object 'Object Repository/Page_OrangeHRM/input_username'

2023-11-28 15:42:35 - [MESSAGE][PASSED] - Text 'Admin' is set on object 'Object Repository/Page_OrangeHRM/input_username'

2023-11-28 15:42:35 - [TEST_STEP][PASSED] - click(findTestObject("Object Repository/Page_OrangeHRM/p_Forgot your password")): Object: 'Object Repository/Page_OrangeHRM/p_Forgot your password' is clicked on

2023-11-28 15:42:35 - [MESSAGE][PASSED] - Object: 'Object Repository/Page_OrangeHRM/p_Forgot your password' is clicked on

2023-11-28 15:42:35 - [TEST_STEP][PASSED] - setText(findTestObject("Object Repository/Page_OrangeHRM/input_username"), "Admin1"): Text 'Admin1' is set on object 'Object Repository/Page_OrangeHRM/input_username'

2023-11-28 15:42:37 - [MESSAGE][PASSED] - Text 'Admin1' is set on object 'Object Repository/Page_OrangeHRM/input_username'

2023-11-28 15:42:37 - [TEST_STEP][PASSED] - click(findTestObject("Object Repository/Page_OrangeHRM/button_Reset Password")): Object: 'Object Repository/Page_OrangeHRM/button_Reset Password' is clicked on

2023-11-28 15:42:37 - [MESSAGE][PASSED] - Object: 'Object Repository/Page_OrangeHRM/button_Reset Password' is clicked on

2023-11-28 15:42:37 - [TEST_STEP][PASSED] - verifyElementText(findTestObject("Object Repository/Page_OrangeHRM/h6_Reset Password link sent successfully"), "Reset Password link sent successfully"): Actual text and expected text of test object 'Object Repository/Page_OrangeHRM/h6_Reset Password link sent successfully' are matched.

2023-11-28 15:42:39 - [MESSAGE][PASSED] - Actual text and expected text of test object 'Object Repository/Page_OrangeHRM/h6_Reset Password link sent successfully' are matched.

2023-11-28 15:42:39 - [TEST_STEP][PASSED] - closeBrowser(): Browser is closed

2023-11-28 15:42:39 - [MESSAGE][PASSED] - Browser is closed]]></system-out>
         <system-err><![CDATA[]]></system-err>
      </testcase>
      <system-out><![CDATA[2023-11-28 15:42:00 - [TEST_SUITE][PASSED] - Certification Test Suite 2: Test Cases/Forgot Password]]></system-out>
      <system-err><![CDATA[]]></system-err>
   </testsuite>
</testsuites>
