<?xml version="1.0" encoding="UTF-8"?>
<testsuites name="Test Suite 6" time="35.805" tests="2" failures="0" errors="0">
   <testsuite name="Test Suite 6" tests="2" failures="0" errors="0" time="35.805" skipped="0" timestamp="2023-11-29 23:27:15" hostname="p80000642 - INBJHL80000642.CORP.DRREDDYS.COM" id="Test Suites/Test Suite 6">
      <properties>
         <property name="deviceName" value=""/>
         <property name="devicePlatform" value=""/>
         <property name="logFolder" value="C:\\Users\\p80000642\\Katalon Studio\\My First Web UI Project\\Reports\\20231129_232708\\Test Suite 6\\20231129_232709"/>
         <property name="logFiles" value="C:\\Users\\p80000642\\Katalon Studio\\My First Web UI Project\\Reports\\20231129_232708\\Test Suite 6\\20231129_232709\\execution0.log"/>
         <property name="attachments" value=""/>
         <property name="hostName" value="p80000642 - INBJHL80000642.CORP.DRREDDYS.COM"/>
         <property name="os" value="Windows 10 64bit"/>
         <property name="katalonVersion" value="9.0.0.212"/>
         <property name="browser" value="Chrome 119.0.0.0"/>
         <property name="hostAddress" value="192.168.0.103"/>
         <property name="sessionId" value="eb562e1d979906dd998b3a9c1e6ca42b"/>
         <property name="seleniumVersion" value="3.141.59"/>
         <property name="proxyInformation" value="ProxyInformation { proxyOption=NO_PROXY, proxyServerType=HTTP, username=, password=********, proxyServerAddress=, proxyServerPort=0, executionList=&quot;&quot;, isApplyToDesiredCapabilities=true }"/>
         <property name="platform" value="Windows 10"/>
      </properties>
      <testcase name="Test Cases/Purge Records" time="18.887" classname="Test Cases/Purge Records" status="PASSED">
         <system-out><![CDATA[2023-11-29 23:27:15 - [TEST_CASE][PASSED] - Test Cases/Purge Records: Test Cases/Purge Records

2023-11-29 23:27:15 - [TEST_STEP][PASSED] - openBrowser(""): Browser is opened with url: ''

2023-11-29 23:27:16 - [MESSAGE][INFO] - Starting 'Chrome' driver

2023-11-29 23:27:16 - [MESSAGE][INFO] - Action delay is set to 0 milliseconds

2023-11-29 23:27:17 - [MESSAGE][PASSED] - Browser is opened with url: ''

2023-11-29 23:27:17 - [TEST_STEP][PASSED] - navigateToUrl("https://opensource-demo.orangehrmlive.com/web/index.php/auth/login"): Navigate to 'https://opensource-demo.orangehrmlive.com/web/index.php/auth/login' successfully

2023-11-29 23:27:21 - [MESSAGE][PASSED] - Navigate to 'https://opensource-demo.orangehrmlive.com/web/index.php/auth/login' successfully

2023-11-29 23:27:21 - [TEST_STEP][PASSED] - waitForPageLoad(100): Wait for page load successfully

2023-11-29 23:27:21 - [MESSAGE][PASSED] - Wait for page load successfully

2023-11-29 23:27:21 - [TEST_STEP][PASSED] - waitForElementPresent(findTestObject("Object Repository/Page_OrangeHRM/input_username"), 100): Object 'Object Repository/Page_OrangeHRM/input_username' is present

2023-11-29 23:27:23 - [MESSAGE][PASSED] - Object 'Object Repository/Page_OrangeHRM/input_username' is present

2023-11-29 23:27:23 - [TEST_STEP][PASSED] - setText(findTestObject("Object Repository/Page_OrangeHRM/input_username"), "Admin"): Text 'Admin' is set on object 'Object Repository/Page_OrangeHRM/input_username'

2023-11-29 23:27:23 - [MESSAGE][PASSED] - Text 'Admin' is set on object 'Object Repository/Page_OrangeHRM/input_username'

2023-11-29 23:27:23 - [TEST_STEP][PASSED] - setEncryptedText(findTestObject("Object Repository/Page_OrangeHRM/Page_OrangeHRM/input_Password_password"), "hUKwJTbofgPU9eVlw/CnDQ=="): Text ****** has been set on object 'Object Repository/Page_OrangeHRM/Page_OrangeHRM/input_Password_password'

2023-11-29 23:27:24 - [MESSAGE][PASSED] - Text ****** has been set on object 'Object Repository/Page_OrangeHRM/Page_OrangeHRM/input_Password_password'

2023-11-29 23:27:24 - [TEST_STEP][PASSED] - waitForElementClickable(findTestObject("Object Repository/Page_OrangeHRM/button_Login"), 50): Object 'Object Repository/Page_OrangeHRM/button_Login' is clickable

2023-11-29 23:27:24 - [MESSAGE][PASSED] - Object 'Object Repository/Page_OrangeHRM/button_Login' is clickable

2023-11-29 23:27:24 - [TEST_STEP][PASSED] - click(findTestObject("Object Repository/Page_OrangeHRM/button_Login")): Object: 'Object Repository/Page_OrangeHRM/button_Login' is clicked on

2023-11-29 23:27:25 - [MESSAGE][PASSED] - Object: 'Object Repository/Page_OrangeHRM/button_Login' is clicked on

2023-11-29 23:27:25 - [TEST_STEP][PASSED] - click(findTestObject("Object Repository/Page_OrangeHRM/span_Maintenance")): Object: 'Object Repository/Page_OrangeHRM/span_Maintenance' is clicked on

2023-11-29 23:27:29 - [MESSAGE][PASSED] - Object: 'Object Repository/Page_OrangeHRM/span_Maintenance' is clicked on

2023-11-29 23:27:29 - [TEST_STEP][PASSED] - waitForPageLoad(100): Wait for page load successfully

2023-11-29 23:27:29 - [MESSAGE][PASSED] - Wait for page load successfully

2023-11-29 23:27:29 - [TEST_STEP][PASSED] - setEncryptedText(findTestObject("Object Repository/Page_OrangeHRM/Page_OrangeHRM/input_Password_password"), "hUKwJTbofgPU9eVlw/CnDQ=="): Text ****** has been set on object 'Object Repository/Page_OrangeHRM/Page_OrangeHRM/input_Password_password'

2023-11-29 23:27:30 - [MESSAGE][PASSED] - Text ****** has been set on object 'Object Repository/Page_OrangeHRM/Page_OrangeHRM/input_Password_password'

2023-11-29 23:27:30 - [TEST_STEP][PASSED] - sendKeys(findTestObject("Object Repository/Page_OrangeHRM/button_Confirm"), Keys.chord(ENTER)): Keys 'ENTER + ' sent to object: 'Object Repository/Page_OrangeHRM/button_Confirm'

2023-11-29 23:27:30 - [MESSAGE][PASSED] - Keys 'ENTER + ' sent to object: 'Object Repository/Page_OrangeHRM/button_Confirm'

2023-11-29 23:27:30 - [TEST_STEP][PASSED] - setText(findTestObject("Object Repository/Page_OrangeHRM/input_Employee Full Name_firstName"), "1"): Text '1' is set on object 'Object Repository/Page_OrangeHRM/input_Employee Full Name_firstName'

2023-11-29 23:27:33 - [MESSAGE][PASSED] - Text '1' is set on object 'Object Repository/Page_OrangeHRM/input_Employee Full Name_firstName'

2023-11-29 23:27:33 - [TEST_STEP][PASSED] - click(findTestObject("Object Repository/Page_OrangeHRM/div_Past EmployeeInvalid")): Object: 'Object Repository/Page_OrangeHRM/div_Past EmployeeInvalid' is clicked on

2023-11-29 23:27:33 - [MESSAGE][PASSED] - Object: 'Object Repository/Page_OrangeHRM/div_Past EmployeeInvalid' is clicked on

2023-11-29 23:27:33 - [TEST_STEP][PASSED] - verifyElementText(findTestObject("Object Repository/Page_OrangeHRM/span_Invalid"), "Invalid"): Actual text and expected text of test object 'Object Repository/Page_OrangeHRM/span_Invalid' are matched.

2023-11-29 23:27:34 - [MESSAGE][PASSED] - Actual text and expected text of test object 'Object Repository/Page_OrangeHRM/span_Invalid' are matched.

2023-11-29 23:27:34 - [TEST_STEP][PASSED] - closeBrowser(): Browser is closed

2023-11-29 23:27:34 - [MESSAGE][PASSED] - Browser is closed]]></system-out>
         <system-err><![CDATA[]]></system-err>
      </testcase>
      <testcase name="Test Cases/Maintenance" time="16.755" classname="Test Cases/Maintenance" status="PASSED">
         <system-out><![CDATA[2023-11-29 23:27:34 - [TEST_CASE][PASSED] - Test Cases/Maintenance: Test Cases/Maintenance

2023-11-29 23:27:34 - [TEST_STEP][PASSED] - openBrowser(""): Browser is opened with url: ''

2023-11-29 23:27:34 - [MESSAGE][INFO] - Starting 'Chrome' driver

2023-11-29 23:27:34 - [MESSAGE][INFO] - Action delay is set to 0 milliseconds

2023-11-29 23:27:35 - [MESSAGE][PASSED] - Browser is opened with url: ''

2023-11-29 23:27:35 - [TEST_STEP][PASSED] - navigateToUrl("https://opensource-demo.orangehrmlive.com/web/index.php/auth/login"): Navigate to 'https://opensource-demo.orangehrmlive.com/web/index.php/auth/login' successfully

2023-11-29 23:27:38 - [MESSAGE][PASSED] - Navigate to 'https://opensource-demo.orangehrmlive.com/web/index.php/auth/login' successfully

2023-11-29 23:27:38 - [TEST_STEP][PASSED] - waitForPageLoad(100): Wait for page load successfully

2023-11-29 23:27:38 - [MESSAGE][PASSED] - Wait for page load successfully

2023-11-29 23:27:38 - [TEST_STEP][PASSED] - waitForElementPresent(findTestObject("Object Repository/Page_OrangeHRM/input_username"), 100): Object 'Object Repository/Page_OrangeHRM/input_username' is present

2023-11-29 23:27:39 - [MESSAGE][PASSED] - Object 'Object Repository/Page_OrangeHRM/input_username' is present

2023-11-29 23:27:39 - [TEST_STEP][PASSED] - setText(findTestObject("Object Repository/Page_OrangeHRM/input_username"), "Admin"): Text 'Admin' is set on object 'Object Repository/Page_OrangeHRM/input_username'

2023-11-29 23:27:39 - [MESSAGE][PASSED] - Text 'Admin' is set on object 'Object Repository/Page_OrangeHRM/input_username'

2023-11-29 23:27:39 - [TEST_STEP][PASSED] - setEncryptedText(findTestObject("Object Repository/Page_OrangeHRM/Page_OrangeHRM/input_Password_password"), "hUKwJTbofgPU9eVlw/CnDQ=="): Text ****** has been set on object 'Object Repository/Page_OrangeHRM/Page_OrangeHRM/input_Password_password'

2023-11-29 23:27:40 - [MESSAGE][PASSED] - Text ****** has been set on object 'Object Repository/Page_OrangeHRM/Page_OrangeHRM/input_Password_password'

2023-11-29 23:27:40 - [TEST_STEP][PASSED] - waitForElementClickable(findTestObject("Object Repository/Page_OrangeHRM/button_Login"), 50): Object 'Object Repository/Page_OrangeHRM/button_Login' is clickable

2023-11-29 23:27:40 - [MESSAGE][PASSED] - Object 'Object Repository/Page_OrangeHRM/button_Login' is clickable

2023-11-29 23:27:40 - [TEST_STEP][PASSED] - click(findTestObject("Object Repository/Page_OrangeHRM/button_Login")): Object: 'Object Repository/Page_OrangeHRM/button_Login' is clicked on

2023-11-29 23:27:41 - [MESSAGE][PASSED] - Object: 'Object Repository/Page_OrangeHRM/button_Login' is clicked on

2023-11-29 23:27:41 - [TEST_STEP][PASSED] - click(findTestObject("Object Repository/Page_OrangeHRM/span_Maintenance")): Object: 'Object Repository/Page_OrangeHRM/span_Maintenance' is clicked on

2023-11-29 23:27:45 - [MESSAGE][PASSED] - Object: 'Object Repository/Page_OrangeHRM/span_Maintenance' is clicked on

2023-11-29 23:27:45 - [TEST_STEP][PASSED] - waitForPageLoad(100): Wait for page load successfully

2023-11-29 23:27:45 - [MESSAGE][PASSED] - Wait for page load successfully

2023-11-29 23:27:45 - [TEST_STEP][PASSED] - setEncryptedText(findTestObject("Object Repository/Page_OrangeHRM/Page_OrangeHRM/input_Password_password"), "hUKwJTbofgPU9eVlw/CnDQ=="): Text ****** has been set on object 'Object Repository/Page_OrangeHRM/Page_OrangeHRM/input_Password_password'

2023-11-29 23:27:46 - [MESSAGE][PASSED] - Text ****** has been set on object 'Object Repository/Page_OrangeHRM/Page_OrangeHRM/input_Password_password'

2023-11-29 23:27:46 - [TEST_STEP][PASSED] - click(findTestObject("Object Repository/Page_OrangeHRM/button_Confirm")): Object: 'Object Repository/Page_OrangeHRM/button_Confirm' is clicked on

2023-11-29 23:27:46 - [MESSAGE][PASSED] - Object: 'Object Repository/Page_OrangeHRM/button_Confirm' is clicked on

2023-11-29 23:27:46 - [TEST_STEP][PASSED] - waitForPageLoad(100): Wait for page load successfully

2023-11-29 23:27:48 - [MESSAGE][PASSED] - Wait for page load successfully

2023-11-29 23:27:48 - [TEST_STEP][PASSED] - setText(findTestObject("Object Repository/Page_OrangeHRM/Maintenance/Page_OrangeHRM/input"), "rrr"): Text 'rrr' is set on object 'Object Repository/Page_OrangeHRM/Maintenance/Page_OrangeHRM/input'

2023-11-29 23:27:49 - [MESSAGE][PASSED] - Text 'rrr' is set on object 'Object Repository/Page_OrangeHRM/Maintenance/Page_OrangeHRM/input'

2023-11-29 23:27:49 - [TEST_STEP][PASSED] - click(findTestObject("Object Repository/Page_OrangeHRM/form_Past EmployeeInvalid  Required Search")): Object: 'Object Repository/Page_OrangeHRM/form_Past EmployeeInvalid  Required Search' is clicked on

2023-11-29 23:27:50 - [MESSAGE][PASSED] - Object: 'Object Repository/Page_OrangeHRM/form_Past EmployeeInvalid  Required Search' is clicked on

2023-11-29 23:27:50 - [TEST_STEP][PASSED] - verifyElementText(findTestObject("Object Repository/Page_OrangeHRM/span_Invalid"), "Invalid"): Actual text and expected text of test object 'Object Repository/Page_OrangeHRM/span_Invalid' are matched.

2023-11-29 23:27:50 - [MESSAGE][PASSED] - Actual text and expected text of test object 'Object Repository/Page_OrangeHRM/span_Invalid' are matched.

2023-11-29 23:27:50 - [TEST_STEP][PASSED] - verifyElementPresent(findTestObject("Object Repository/Page_OrangeHRM/span_Invalid"), 0): Object 'Object Repository/Page_OrangeHRM/span_Invalid' is present

2023-11-29 23:27:50 - [MESSAGE][WARNING] - Timeout '0' is invalid. Using default page load timeout: '30'

2023-11-29 23:27:51 - [MESSAGE][PASSED] - Object 'Object Repository/Page_OrangeHRM/span_Invalid' is present

2023-11-29 23:27:51 - [TEST_STEP][PASSED] - closeBrowser(): Browser is closed

2023-11-29 23:27:51 - [MESSAGE][PASSED] - Browser is closed]]></system-out>
         <system-err><![CDATA[]]></system-err>
      </testcase>
      <system-out><![CDATA[2023-11-29 23:27:15 - [TEST_SUITE][PASSED] - Test Suite 6: Test Cases/Maintenance]]></system-out>
      <system-err><![CDATA[]]></system-err>
   </testsuite>
</testsuites>
