<?xml version="1.0" encoding="UTF-8"?>
<testsuites name="Certification Test Suite" time="99.449" tests="3" failures="0" errors="0">
   <testsuite name="Certification Test Suite" tests="3" failures="0" errors="0" time="99.449" skipped="0" timestamp="2023-11-28 15:18:16" hostname="p80000642 - INBJHL80000642.CORP.DRREDDYS.COM" id="Test Suites/Certification Test Suite">
      <properties>
         <property name="deviceName" value=""/>
         <property name="devicePlatform" value=""/>
         <property name="logFolder" value="C:\\Users\\p80000642\\Katalon Studio\\My First Web UI Project\\Reports\\20231128_151809\\Certification Test Suite\\20231128_151810"/>
         <property name="logFiles" value="C:\\Users\\p80000642\\Katalon Studio\\My First Web UI Project\\Reports\\20231128_151809\\Certification Test Suite\\20231128_151810\\execution0.log"/>
         <property name="attachments" value=""/>
         <property name="hostName" value="p80000642 - INBJHL80000642.CORP.DRREDDYS.COM"/>
         <property name="os" value="Windows 10 64bit"/>
         <property name="katalonVersion" value="9.0.0.212"/>
         <property name="browser" value="Chrome 119.0.0.0"/>
         <property name="hostAddress" value="172.27.248.241"/>
         <property name="sessionId" value="6a779ec1b2f203600edff26456222411"/>
         <property name="seleniumVersion" value="3.141.59"/>
         <property name="proxyInformation" value="ProxyInformation { proxyOption=NO_PROXY, proxyServerType=HTTP, username=, password=********, proxyServerAddress=, proxyServerPort=0, executionList=&quot;&quot;, isApplyToDesiredCapabilities=true }"/>
         <property name="platform" value="Windows 10"/>
      </properties>
      <testcase name="Test Cases/Login OHR" time="8.212" classname="Test Cases/Login OHR" status="PASSED">
         <system-out><![CDATA[2023-11-28 15:18:16 - [TEST_CASE][PASSED] - Test Cases/Login OHR: Test Cases/Login OHR

2023-11-28 15:18:16 - [TEST_STEP][PASSED] - openBrowser(""): Browser is opened with url: ''

2023-11-28 15:18:16 - [MESSAGE][INFO] - Starting 'Chrome' driver

2023-11-28 15:18:16 - [MESSAGE][INFO] - Action delay is set to 0 milliseconds

2023-11-28 15:18:18 - [MESSAGE][PASSED] - Browser is opened with url: ''

2023-11-28 15:18:18 - [TEST_STEP][PASSED] - navigateToUrl("https://opensource-demo.orangehrmlive.com/web/index.php/auth/login"): Navigate to 'https://opensource-demo.orangehrmlive.com/web/index.php/auth/login' successfully

2023-11-28 15:18:21 - [MESSAGE][PASSED] - Navigate to 'https://opensource-demo.orangehrmlive.com/web/index.php/auth/login' successfully

2023-11-28 15:18:21 - [TEST_STEP][PASSED] - waitForPageLoad(100): Wait for page load successfully

2023-11-28 15:18:21 - [MESSAGE][PASSED] - Wait for page load successfully

2023-11-28 15:18:21 - [TEST_STEP][PASSED] - waitForElementPresent(findTestObject("Object Repository/Page_OrangeHRM/input_username"), 100): Object 'Object Repository/Page_OrangeHRM/input_username' is present

2023-11-28 15:18:22 - [MESSAGE][PASSED] - Object 'Object Repository/Page_OrangeHRM/input_username' is present

2023-11-28 15:18:22 - [TEST_STEP][PASSED] - setText(findTestObject("Object Repository/Page_OrangeHRM/input_username"), "Admin"): Text 'Admin' is set on object 'Object Repository/Page_OrangeHRM/input_username'

2023-11-28 15:18:23 - [MESSAGE][PASSED] - Text 'Admin' is set on object 'Object Repository/Page_OrangeHRM/input_username'

2023-11-28 15:18:23 - [TEST_STEP][PASSED] - setEncryptedText(findTestObject("Object Repository/Page_OrangeHRM/Page_OrangeHRM/input_Password_password"), "hUKwJTbofgPU9eVlw/CnDQ=="): Text ****** has been set on object 'Object Repository/Page_OrangeHRM/Page_OrangeHRM/input_Password_password'

2023-11-28 15:18:23 - [MESSAGE][PASSED] - Text ****** has been set on object 'Object Repository/Page_OrangeHRM/Page_OrangeHRM/input_Password_password'

2023-11-28 15:18:23 - [TEST_STEP][PASSED] - waitForElementClickable(findTestObject("Object Repository/Page_OrangeHRM/button_Login"), 50): Object 'Object Repository/Page_OrangeHRM/button_Login' is clickable

2023-11-28 15:18:24 - [MESSAGE][PASSED] - Object 'Object Repository/Page_OrangeHRM/button_Login' is clickable

2023-11-28 15:18:24 - [TEST_STEP][PASSED] - click(findTestObject("Object Repository/Page_OrangeHRM/button_Login")): Object: 'Object Repository/Page_OrangeHRM/button_Login' is clicked on

2023-11-28 15:18:24 - [MESSAGE][PASSED] - Object: 'Object Repository/Page_OrangeHRM/button_Login' is clicked on

2023-11-28 15:18:24 - [TEST_STEP][PASSED] - closeBrowser(): Browser is closed

2023-11-28 15:18:24 - [MESSAGE][PASSED] - Browser is closed]]></system-out>
         <system-err><![CDATA[]]></system-err>
      </testcase>
      <testcase name="Test Cases/Admin/Jobs-Empl Status/Add Empl" time="77.963" classname="Test Cases/Admin/Jobs-Empl Status/Add Empl" status="PASSED">
         <system-out><![CDATA[2023-11-28 15:18:24 - [TEST_CASE][PASSED] - Test Cases/Admin/Jobs-Empl Status/Add Empl: Test Cases/Admin/Jobs-Empl Status/Add Empl

2023-11-28 15:18:24 - [TEST_STEP][PASSED] - openBrowser(""): Browser is opened with url: ''

2023-11-28 15:18:24 - [MESSAGE][INFO] - Starting 'Chrome' driver

2023-11-28 15:18:24 - [MESSAGE][INFO] - Action delay is set to 0 milliseconds

2023-11-28 15:18:25 - [MESSAGE][PASSED] - Browser is opened with url: ''

2023-11-28 15:18:25 - [TEST_STEP][PASSED] - openBrowser(""): Browser is opened with url: ''

2023-11-28 15:18:25 - [MESSAGE][WARNING] - A browser is already opened. Closing browser and opening a new one

2023-11-28 15:18:25 - [MESSAGE][INFO] - Starting 'Chrome' driver

2023-11-28 15:18:25 - [MESSAGE][INFO] - Action delay is set to 0 milliseconds

2023-11-28 15:18:26 - [MESSAGE][PASSED] - Browser is opened with url: ''

2023-11-28 15:18:26 - [TEST_STEP][PASSED] - navigateToUrl("https://opensource-demo.orangehrmlive.com/web/index.php/auth/login"): Navigate to 'https://opensource-demo.orangehrmlive.com/web/index.php/auth/login' successfully

2023-11-28 15:18:29 - [MESSAGE][PASSED] - Navigate to 'https://opensource-demo.orangehrmlive.com/web/index.php/auth/login' successfully

2023-11-28 15:18:29 - [TEST_STEP][PASSED] - waitForPageLoad(100): Wait for page load successfully

2023-11-28 15:18:29 - [MESSAGE][PASSED] - Wait for page load successfully

2023-11-28 15:18:29 - [TEST_STEP][PASSED] - waitForElementPresent(findTestObject("Object Repository/Page_OrangeHRM/input_username"), 100): Object 'Object Repository/Page_OrangeHRM/input_username' is present

2023-11-28 15:18:31 - [MESSAGE][PASSED] - Object 'Object Repository/Page_OrangeHRM/input_username' is present

2023-11-28 15:18:31 - [TEST_STEP][PASSED] - setText(findTestObject("Object Repository/Page_OrangeHRM/input_username"), "Admin"): Text 'Admin' is set on object 'Object Repository/Page_OrangeHRM/input_username'

2023-11-28 15:18:31 - [MESSAGE][PASSED] - Text 'Admin' is set on object 'Object Repository/Page_OrangeHRM/input_username'

2023-11-28 15:18:31 - [TEST_STEP][PASSED] - setEncryptedText(findTestObject("Object Repository/Page_OrangeHRM/Page_OrangeHRM/input_Password_password"), "hUKwJTbofgPU9eVlw/CnDQ=="): Text ****** has been set on object 'Object Repository/Page_OrangeHRM/Page_OrangeHRM/input_Password_password'

2023-11-28 15:18:31 - [MESSAGE][PASSED] - Text ****** has been set on object 'Object Repository/Page_OrangeHRM/Page_OrangeHRM/input_Password_password'

2023-11-28 15:18:31 - [TEST_STEP][PASSED] - waitForElementClickable(findTestObject("Object Repository/Page_OrangeHRM/button_Login"), 50): Object 'Object Repository/Page_OrangeHRM/button_Login' is clickable

2023-11-28 15:18:32 - [MESSAGE][PASSED] - Object 'Object Repository/Page_OrangeHRM/button_Login' is clickable

2023-11-28 15:18:32 - [TEST_STEP][PASSED] - click(findTestObject("Object Repository/Page_OrangeHRM/button_Login")): Object: 'Object Repository/Page_OrangeHRM/button_Login' is clicked on

2023-11-28 15:18:32 - [MESSAGE][PASSED] - Object: 'Object Repository/Page_OrangeHRM/button_Login' is clicked on

2023-11-28 15:18:32 - [TEST_STEP][PASSED] - click(findTestObject("Object Repository/Page_OrangeHRM/a_PIM")): Object: 'Object Repository/Page_OrangeHRM/a_PIM' is clicked on

2023-11-28 15:18:36 - [MESSAGE][PASSED] - Object: 'Object Repository/Page_OrangeHRM/a_PIM' is clicked on

2023-11-28 15:18:36 - [TEST_STEP][PASSED] - waitForPageLoad(100): Wait for page load successfully

2023-11-28 15:18:36 - [MESSAGE][PASSED] - Wait for page load successfully

2023-11-28 15:18:36 - [TEST_STEP][PASSED] - click(findTestObject("Object Repository/Page_OrangeHRM/a_Add Employee")): Object: 'Object Repository/Page_OrangeHRM/a_Add Employee' is clicked on

2023-11-28 15:18:38 - [MESSAGE][PASSED] - Object: 'Object Repository/Page_OrangeHRM/a_Add Employee' is clicked on

2023-11-28 15:18:38 - [TEST_STEP][PASSED] - waitForPageLoad(50): Wait for page load successfully

2023-11-28 15:18:38 - [MESSAGE][PASSED] - Wait for page load successfully

2023-11-28 15:18:38 - [TEST_STEP][PASSED] - setText(findTestObject("Object Repository/Page_OrangeHRM/input_Employee Full Name_firstName"), "Peter"): Text 'Peter' is set on object 'Object Repository/Page_OrangeHRM/input_Employee Full Name_firstName'

2023-11-28 15:19:09 - [MESSAGE][INFO] - Unable to find the element located by 'By.xpath: //input[@name='password']'. Please recheck the objects properties to make sure the desired element is located. 

2023-11-28 15:19:09 - [MESSAGE][WARNING] - [SELF-HEALING] Failed to find element with id 'Object Repository/Page_OrangeHRM/input_Employee Full Name_firstName'. Try using Self-healing.

2023-11-28 15:19:10 - [MESSAGE][WARNING] - [SELF-HEALING] The current locator of test object 'Object Repository/Page_OrangeHRM/input_Employee Full Name_firstName' was broken. Propose an alternative one: '//div[2]/div/div[2]/input'.

2023-11-28 15:19:41 - [MESSAGE][INFO] - Unable to find the element located by 'By.xpath: //input[@name='password']'. Please recheck the objects properties to make sure the desired element is located. 

2023-11-28 15:19:41 - [MESSAGE][WARNING] - [SELF-HEALING] Failed to find element with id 'Object Repository/Page_OrangeHRM/input_Employee Full Name_firstName'. Try using Self-healing.

2023-11-28 15:19:41 - [MESSAGE][WARNING] - [SELF-HEALING] The current locator of test object 'Object Repository/Page_OrangeHRM/input_Employee Full Name_firstName' was broken. Propose an alternative one: '//div[2]/div/div[2]/input'.

2023-11-28 15:19:41 - [MESSAGE][PASSED] - Text 'Peter' is set on object 'Object Repository/Page_OrangeHRM/input_Employee Full Name_firstName'

2023-11-28 15:19:41 - [TEST_STEP][PASSED] - setText(findTestObject("Object Repository/Page_OrangeHRM/input_Employee Full Name_lastName"), "Blink"): Text 'Blink' is set on object 'Object Repository/Page_OrangeHRM/input_Employee Full Name_lastName'

2023-11-28 15:19:42 - [MESSAGE][PASSED] - Text 'Blink' is set on object 'Object Repository/Page_OrangeHRM/input_Employee Full Name_lastName'

2023-11-28 15:19:42 - [TEST_STEP][PASSED] - click(findTestObject("Object Repository/Page_OrangeHRM/button_Save")): Object: 'Object Repository/Page_OrangeHRM/button_Save' is clicked on

2023-11-28 15:19:42 - [MESSAGE][PASSED] - Object: 'Object Repository/Page_OrangeHRM/button_Save' is clicked on

2023-11-28 15:19:42 - [TEST_STEP][PASSED] - closeBrowser(): Browser is closed

2023-11-28 15:19:42 - [MESSAGE][PASSED] - Browser is closed]]></system-out>
         <system-err><![CDATA[]]></system-err>
      </testcase>
      <testcase name="Test Cases/Admin/Job-WorkShift/WorkShift" time="13.123" classname="Test Cases/Admin/Job-WorkShift/WorkShift" status="PASSED">
         <system-out><![CDATA[2023-11-28 15:19:42 - [TEST_CASE][PASSED] - Test Cases/Admin/Job-WorkShift/WorkShift: Test Cases/Admin/Job-WorkShift/WorkShift

2023-11-28 15:19:42 - [TEST_STEP][PASSED] - openBrowser(""): Browser is opened with url: ''

2023-11-28 15:19:42 - [MESSAGE][INFO] - Starting 'Chrome' driver

2023-11-28 15:19:42 - [MESSAGE][INFO] - Action delay is set to 0 milliseconds

2023-11-28 15:19:44 - [MESSAGE][PASSED] - Browser is opened with url: ''

2023-11-28 15:19:44 - [TEST_STEP][PASSED] - navigateToUrl("https://opensource-demo.orangehrmlive.com/web/index.php/auth/login"): Navigate to 'https://opensource-demo.orangehrmlive.com/web/index.php/auth/login' successfully

2023-11-28 15:19:47 - [MESSAGE][PASSED] - Navigate to 'https://opensource-demo.orangehrmlive.com/web/index.php/auth/login' successfully

2023-11-28 15:19:47 - [TEST_STEP][PASSED] - setText(findTestObject("Object Repository/Page_OrangeHRM/input_username"), "admin"): Text 'admin' is set on object 'Object Repository/Page_OrangeHRM/input_username'

2023-11-28 15:19:48 - [MESSAGE][PASSED] - Text 'admin' is set on object 'Object Repository/Page_OrangeHRM/input_username'

2023-11-28 15:19:48 - [TEST_STEP][PASSED] - setEncryptedText(findTestObject("Object Repository/Page_OrangeHRM/input_Employee Full Name_firstName"), "hUKwJTbofgPU9eVlw/CnDQ=="): Text ****** has been set on object 'Object Repository/Page_OrangeHRM/input_Employee Full Name_firstName'

2023-11-28 15:19:49 - [MESSAGE][PASSED] - Text ****** has been set on object 'Object Repository/Page_OrangeHRM/input_Employee Full Name_firstName'

2023-11-28 15:19:49 - [TEST_STEP][PASSED] - sendKeys(findTestObject("Object Repository/Page_OrangeHRM/input_Employee Full Name_firstName"), Keys.chord(ENTER)): Keys 'ENTER + ' sent to object: 'Object Repository/Page_OrangeHRM/input_Employee Full Name_firstName'

2023-11-28 15:19:49 - [MESSAGE][PASSED] - Keys 'ENTER + ' sent to object: 'Object Repository/Page_OrangeHRM/input_Employee Full Name_firstName'

2023-11-28 15:19:49 - [TEST_STEP][PASSED] - click(findTestObject("Object Repository/Page_OrangeHRM/a_Admin")): Object: 'Object Repository/Page_OrangeHRM/a_Admin' is clicked on

2023-11-28 15:19:53 - [MESSAGE][PASSED] - Object: 'Object Repository/Page_OrangeHRM/a_Admin' is clicked on

2023-11-28 15:19:53 - [TEST_STEP][PASSED] - click(findTestObject("Object Repository/Page_OrangeHRM/i_oxd-icon bi-chevron-down")): Object: 'Object Repository/Page_OrangeHRM/i_oxd-icon bi-chevron-down' is clicked on

2023-11-28 15:19:54 - [MESSAGE][PASSED] - Object: 'Object Repository/Page_OrangeHRM/i_oxd-icon bi-chevron-down' is clicked on

2023-11-28 15:19:54 - [TEST_STEP][PASSED] - click(findTestObject("Object Repository/Page_OrangeHRM/a_Work Shifts")): Object: 'Object Repository/Page_OrangeHRM/a_Work Shifts' is clicked on

2023-11-28 15:19:55 - [MESSAGE][PASSED] - Object: 'Object Repository/Page_OrangeHRM/a_Work Shifts' is clicked on

2023-11-28 15:19:55 - [TEST_STEP][PASSED] - closeBrowser(): Browser is closed

2023-11-28 15:19:55 - [MESSAGE][PASSED] - Browser is closed]]></system-out>
         <system-err><![CDATA[]]></system-err>
      </testcase>
      <system-out><![CDATA[2023-11-28 15:18:16 - [TEST_SUITE][PASSED] - Certification Test Suite: Test Cases/Admin/Job-WorkShift/WorkShift]]></system-out>
      <system-err><![CDATA[]]></system-err>
   </testsuite>
</testsuites>
