<?xml version="1.0" encoding="UTF-8"?>
<testsuites name="Test Suite 7" time="32.022" tests="2" failures="0" errors="0">
   <testsuite name="Test Suite 7" tests="2" failures="0" errors="0" time="32.022" skipped="0" timestamp="2023-11-30 00:23:42" hostname="p80000642 - INBJHL80000642.CORP.DRREDDYS.COM" id="Test Suites/Test Suite 7">
      <properties>
         <property name="deviceName" value=""/>
         <property name="devicePlatform" value=""/>
         <property name="logFolder" value="C:\\Users\\p80000642\\Katalon Studio\\My First Web UI Project\\Reports\\20231130_002335\\Test Suite 7\\20231130_002336"/>
         <property name="logFiles" value="C:\\Users\\p80000642\\Katalon Studio\\My First Web UI Project\\Reports\\20231130_002335\\Test Suite 7\\20231130_002336\\execution0.log"/>
         <property name="attachments" value=""/>
         <property name="hostName" value="p80000642 - INBJHL80000642.CORP.DRREDDYS.COM"/>
         <property name="os" value="Windows 10 64bit"/>
         <property name="katalonVersion" value="9.0.0.212"/>
         <property name="browser" value="Chrome 119.0.0.0"/>
         <property name="hostAddress" value="192.168.0.103"/>
         <property name="sessionId" value="c8627f2fe985c5019dc167781e0fec92"/>
         <property name="seleniumVersion" value="3.141.59"/>
         <property name="proxyInformation" value="ProxyInformation { proxyOption=NO_PROXY, proxyServerType=HTTP, username=, password=********, proxyServerAddress=, proxyServerPort=0, executionList=&quot;&quot;, isApplyToDesiredCapabilities=true }"/>
         <property name="platform" value="Windows 10"/>
      </properties>
      <testcase name="Test Cases/Directory HR Manager" time="14.477" classname="Test Cases/Directory HR Manager" status="PASSED">
         <system-out><![CDATA[2023-11-30 00:23:42 - [TEST_CASE][PASSED] - Test Cases/Directory HR Manager: Test Cases/Directory HR Manager

2023-11-30 00:23:43 - [TEST_STEP][PASSED] - openBrowser(""): Browser is opened with url: ''

2023-11-30 00:23:43 - [MESSAGE][INFO] - Starting 'Chrome' driver

2023-11-30 00:23:43 - [MESSAGE][INFO] - Action delay is set to 0 milliseconds

2023-11-30 00:23:44 - [MESSAGE][PASSED] - Browser is opened with url: ''

2023-11-30 00:23:44 - [TEST_STEP][PASSED] - navigateToUrl("https://opensource-demo.orangehrmlive.com/web/index.php/auth/login"): Navigate to 'https://opensource-demo.orangehrmlive.com/web/index.php/auth/login' successfully

2023-11-30 00:23:47 - [MESSAGE][PASSED] - Navigate to 'https://opensource-demo.orangehrmlive.com/web/index.php/auth/login' successfully

2023-11-30 00:23:47 - [TEST_STEP][PASSED] - waitForPageLoad(100): Wait for page load successfully

2023-11-30 00:23:47 - [MESSAGE][PASSED] - Wait for page load successfully

2023-11-30 00:23:47 - [TEST_STEP][PASSED] - waitForElementPresent(findTestObject("Object Repository/Page_OrangeHRM/input_username"), 100): Object 'Object Repository/Page_OrangeHRM/input_username' is present

2023-11-30 00:23:48 - [MESSAGE][PASSED] - Object 'Object Repository/Page_OrangeHRM/input_username' is present

2023-11-30 00:23:48 - [TEST_STEP][PASSED] - setText(findTestObject("Object Repository/Page_OrangeHRM/input_username"), "Admin"): Text 'Admin' is set on object 'Object Repository/Page_OrangeHRM/input_username'

2023-11-30 00:23:49 - [MESSAGE][PASSED] - Text 'Admin' is set on object 'Object Repository/Page_OrangeHRM/input_username'

2023-11-30 00:23:49 - [TEST_STEP][PASSED] - setEncryptedText(findTestObject("Object Repository/Page_OrangeHRM/Page_OrangeHRM/input_Password_password"), "hUKwJTbofgPU9eVlw/CnDQ=="): Text ****** has been set on object 'Object Repository/Page_OrangeHRM/Page_OrangeHRM/input_Password_password'

2023-11-30 00:23:49 - [MESSAGE][PASSED] - Text ****** has been set on object 'Object Repository/Page_OrangeHRM/Page_OrangeHRM/input_Password_password'

2023-11-30 00:23:49 - [TEST_STEP][PASSED] - waitForElementClickable(findTestObject("Object Repository/Page_OrangeHRM/button_Login"), 50): Object 'Object Repository/Page_OrangeHRM/button_Login' is clickable

2023-11-30 00:23:50 - [MESSAGE][PASSED] - Object 'Object Repository/Page_OrangeHRM/button_Login' is clickable

2023-11-30 00:23:50 - [TEST_STEP][PASSED] - click(findTestObject("Object Repository/Page_OrangeHRM/button_Login")): Object: 'Object Repository/Page_OrangeHRM/button_Login' is clicked on

2023-11-30 00:23:50 - [MESSAGE][PASSED] - Object: 'Object Repository/Page_OrangeHRM/button_Login' is clicked on

2023-11-30 00:23:50 - [TEST_STEP][PASSED] - waitForPageLoad(50): Wait for page load successfully

2023-11-30 00:23:51 - [MESSAGE][PASSED] - Wait for page load successfully

2023-11-30 00:23:51 - [TEST_STEP][PASSED] - click(findTestObject("Object Repository/Page_OrangeHRM/span_Directory")): Object: 'Object Repository/Page_OrangeHRM/span_Directory' is clicked on

2023-11-30 00:23:55 - [MESSAGE][PASSED] - Object: 'Object Repository/Page_OrangeHRM/span_Directory' is clicked on

2023-11-30 00:23:55 - [TEST_STEP][PASSED] - verifyElementText(findTestObject("Object Repository/Page_OrangeHRM/p_HR Manager"), "HR Manager"): Actual text and expected text of test object 'Object Repository/Page_OrangeHRM/p_HR Manager' are matched.

2023-11-30 00:23:57 - [MESSAGE][PASSED] - Actual text and expected text of test object 'Object Repository/Page_OrangeHRM/p_HR Manager' are matched.

2023-11-30 00:23:57 - [TEST_STEP][PASSED] - closeBrowser(): Browser is closed

2023-11-30 00:23:57 - [MESSAGE][PASSED] - Browser is closed]]></system-out>
         <system-err><![CDATA[]]></system-err>
      </testcase>
      <testcase name="Test Cases/Timesheet Submitted Status" time="17.374" classname="Test Cases/Timesheet Submitted Status" status="PASSED">
         <system-out><![CDATA[2023-11-30 00:23:57 - [TEST_CASE][PASSED] - Test Cases/Timesheet Submitted Status: Test Cases/Timesheet Submitted Status

2023-11-30 00:23:57 - [TEST_STEP][PASSED] - openBrowser(""): Browser is opened with url: ''

2023-11-30 00:23:57 - [MESSAGE][INFO] - Starting 'Chrome' driver

2023-11-30 00:23:57 - [MESSAGE][INFO] - Action delay is set to 0 milliseconds

2023-11-30 00:23:58 - [MESSAGE][PASSED] - Browser is opened with url: ''

2023-11-30 00:23:58 - [TEST_STEP][PASSED] - navigateToUrl("https://opensource-demo.orangehrmlive.com/web/index.php/auth/login"): Navigate to 'https://opensource-demo.orangehrmlive.com/web/index.php/auth/login' successfully

2023-11-30 00:24:02 - [MESSAGE][PASSED] - Navigate to 'https://opensource-demo.orangehrmlive.com/web/index.php/auth/login' successfully

2023-11-30 00:24:02 - [TEST_STEP][PASSED] - waitForPageLoad(100): Wait for page load successfully

2023-11-30 00:24:02 - [MESSAGE][PASSED] - Wait for page load successfully

2023-11-30 00:24:02 - [TEST_STEP][PASSED] - waitForElementPresent(findTestObject("Object Repository/Page_OrangeHRM/input_username"), 100): Object 'Object Repository/Page_OrangeHRM/input_username' is present

2023-11-30 00:24:03 - [MESSAGE][PASSED] - Object 'Object Repository/Page_OrangeHRM/input_username' is present

2023-11-30 00:24:03 - [TEST_STEP][PASSED] - setText(findTestObject("Object Repository/Page_OrangeHRM/input_username"), "Admin"): Text 'Admin' is set on object 'Object Repository/Page_OrangeHRM/input_username'

2023-11-30 00:24:04 - [MESSAGE][PASSED] - Text 'Admin' is set on object 'Object Repository/Page_OrangeHRM/input_username'

2023-11-30 00:24:04 - [TEST_STEP][PASSED] - setEncryptedText(findTestObject("Object Repository/Page_OrangeHRM/Page_OrangeHRM/input_Password_password"), "hUKwJTbofgPU9eVlw/CnDQ=="): Text ****** has been set on object 'Object Repository/Page_OrangeHRM/Page_OrangeHRM/input_Password_password'

2023-11-30 00:24:04 - [MESSAGE][PASSED] - Text ****** has been set on object 'Object Repository/Page_OrangeHRM/Page_OrangeHRM/input_Password_password'

2023-11-30 00:24:04 - [TEST_STEP][PASSED] - waitForElementClickable(findTestObject("Object Repository/Page_OrangeHRM/button_Login"), 50): Object 'Object Repository/Page_OrangeHRM/button_Login' is clickable

2023-11-30 00:24:05 - [MESSAGE][PASSED] - Object 'Object Repository/Page_OrangeHRM/button_Login' is clickable

2023-11-30 00:24:05 - [TEST_STEP][PASSED] - click(findTestObject("Object Repository/Page_OrangeHRM/button_Login")): Object: 'Object Repository/Page_OrangeHRM/button_Login' is clicked on

2023-11-30 00:24:05 - [MESSAGE][PASSED] - Object: 'Object Repository/Page_OrangeHRM/button_Login' is clicked on

2023-11-30 00:24:05 - [TEST_STEP][PASSED] - waitForPageLoad(100): Wait for page load successfully

2023-11-30 00:24:06 - [MESSAGE][PASSED] - Wait for page load successfully

2023-11-30 00:24:06 - [TEST_STEP][PASSED] - click(findTestObject("Object Repository/Page_OrangeHRM/a_Time")): Object: 'Object Repository/Page_OrangeHRM/a_Time' is clicked on

2023-11-30 00:24:10 - [MESSAGE][PASSED] - Object: 'Object Repository/Page_OrangeHRM/a_Time' is clicked on

2023-11-30 00:24:10 - [TEST_STEP][PASSED] - click(findTestObject("Object Repository/Page_OrangeHRM/button_View")): Object: 'Object Repository/Page_OrangeHRM/button_View' is clicked on

2023-11-30 00:24:12 - [MESSAGE][PASSED] - Object: 'Object Repository/Page_OrangeHRM/button_View' is clicked on

2023-11-30 00:24:12 - [TEST_STEP][PASSED] - verifyElementText(findTestObject("Object Repository/Page_OrangeHRM/p_Status Submitted"), "Status: Submitted"): Actual text and expected text of test object 'Object Repository/Page_OrangeHRM/p_Status Submitted' are matched.

2023-11-30 00:24:14 - [MESSAGE][PASSED] - Actual text and expected text of test object 'Object Repository/Page_OrangeHRM/p_Status Submitted' are matched.

2023-11-30 00:24:14 - [TEST_STEP][PASSED] - closeBrowser(): Browser is closed

2023-11-30 00:24:14 - [MESSAGE][PASSED] - Browser is closed]]></system-out>
         <system-err><![CDATA[]]></system-err>
      </testcase>
      <system-out><![CDATA[2023-11-30 00:23:42 - [TEST_SUITE][PASSED] - Test Suite 7: Test Cases/Timesheet Submitted Status]]></system-out>
      <system-err><![CDATA[]]></system-err>
   </testsuite>
</testsuites>
