<?xml version="1.0" encoding="UTF-8"?>
<testsuites name="Certification Test Suite" time="39.882" tests="1" failures="0" errors="0">
   <testsuite name="Certification Test Suite" tests="1" failures="0" errors="0" time="39.882" skipped="0" timestamp="2023-11-28 14:26:04" hostname="p80000642 - INBJHL80000642.CORP.DRREDDYS.COM" id="Test Suites/Certification Test Suite">
      <properties>
         <property name="deviceName" value=""/>
         <property name="devicePlatform" value=""/>
         <property name="logFolder" value="C:\\Users\\p80000642\\Katalon Studio\\My First Web UI Project\\Reports\\20231128_142559\\Certification Test Suite\\20231128_142559"/>
         <property name="logFiles" value="C:\\Users\\p80000642\\Katalon Studio\\My First Web UI Project\\Reports\\20231128_142559\\Certification Test Suite\\20231128_142559\\execution0.log"/>
         <property name="attachments" value=""/>
         <property name="hostName" value="p80000642 - INBJHL80000642.CORP.DRREDDYS.COM"/>
         <property name="os" value="Windows 10 64bit"/>
         <property name="katalonVersion" value="9.0.0.212"/>
         <property name="browser" value="Chrome 119.0.0.0"/>
         <property name="hostAddress" value="172.27.248.241"/>
         <property name="sessionId" value="68f36252e96a8c35b1e40dc220195641"/>
         <property name="seleniumVersion" value="3.141.59"/>
         <property name="proxyInformation" value="ProxyInformation { proxyOption=NO_PROXY, proxyServerType=HTTP, username=, password=********, proxyServerAddress=, proxyServerPort=0, executionList=&quot;&quot;, isApplyToDesiredCapabilities=true }"/>
         <property name="platform" value="Windows 10"/>
      </properties>
      <testcase name="Test Cases/Login OHR" time="39.754" classname="Test Cases/Login OHR" status="PASSED">
         <system-out><![CDATA[2023-11-28 14:26:04 - [TEST_CASE][PASSED] - Test Cases/Login OHR: Test Cases/Login OHR

2023-11-28 14:26:05 - [TEST_STEP][PASSED] - openBrowser(""): Browser is opened with url: ''

2023-11-28 14:26:05 - [MESSAGE][INFO] - Starting 'Chrome' driver

2023-11-28 14:26:05 - [MESSAGE][INFO] - Action delay is set to 0 milliseconds

2023-11-28 14:26:06 - [MESSAGE][PASSED] - Browser is opened with url: ''

2023-11-28 14:26:06 - [TEST_STEP][PASSED] - navigateToUrl("https://opensource-demo.orangehrmlive.com/web/index.php/auth/login"): Navigate to 'https://opensource-demo.orangehrmlive.com/web/index.php/auth/login' successfully

2023-11-28 14:26:09 - [MESSAGE][PASSED] - Navigate to 'https://opensource-demo.orangehrmlive.com/web/index.php/auth/login' successfully

2023-11-28 14:26:09 - [TEST_STEP][PASSED] - waitForPageLoad(100): Wait for page load successfully

2023-11-28 14:26:09 - [MESSAGE][PASSED] - Wait for page load successfully

2023-11-28 14:26:09 - [TEST_STEP][PASSED] - waitForElementPresent(findTestObject("Object Repository/Page_OrangeHRM/input_username"), 100): Object 'Object Repository/Page_OrangeHRM/input_username' is present

2023-11-28 14:26:10 - [MESSAGE][PASSED] - Object 'Object Repository/Page_OrangeHRM/input_username' is present

2023-11-28 14:26:10 - [TEST_STEP][PASSED] - setText(findTestObject("Object Repository/Page_OrangeHRM/input_username"), "Admin"): Text 'Admin' is set on object 'Object Repository/Page_OrangeHRM/input_username'

2023-11-28 14:26:11 - [MESSAGE][PASSED] - Text 'Admin' is set on object 'Object Repository/Page_OrangeHRM/input_username'

2023-11-28 14:26:11 - [TEST_STEP][PASSED] - setEncryptedText(findTestObject("Object Repository/Page_OrangeHRM/input_password"), "hUKwJTbofgPU9eVlw/CnDQ=="): Text ****** has been set on object 'Object Repository/Page_OrangeHRM/input_password'

2023-11-28 14:26:42 - [MESSAGE][INFO] - Unable to find the element located by 'By.xpath: //input[@name='lastName']'. Please recheck the objects properties to make sure the desired element is located. 

2023-11-28 14:26:42 - [MESSAGE][WARNING] - [SELF-HEALING] Failed to find element with id 'Object Repository/Page_OrangeHRM/input_password'. Try using Self-healing.

2023-11-28 14:26:43 - [MESSAGE][INFO] - Unable to find the element located by 'By.xpath: //div[@id='app']/div/div[2]/div[2]/div/div/form/div/div[2]/div/div[2]/div/div/div[2]/input'. Please recheck the objects properties to make sure the desired element is located. 

2023-11-28 14:26:43 - [MESSAGE][WARNING] - [SELF-HEALING] The current locator of test object 'Object Repository/Page_OrangeHRM/input_password' was broken. Propose an alternative one: '//input[@type='password']'.

2023-11-28 14:26:43 - [MESSAGE][PASSED] - Text ****** has been set on object 'Object Repository/Page_OrangeHRM/input_password'

2023-11-28 14:26:43 - [TEST_STEP][PASSED] - waitForElementClickable(findTestObject("Object Repository/Page_OrangeHRM/button_Login"), 50): Object 'Object Repository/Page_OrangeHRM/button_Login' is clickable

2023-11-28 14:26:44 - [MESSAGE][PASSED] - Object 'Object Repository/Page_OrangeHRM/button_Login' is clickable

2023-11-28 14:26:44 - [TEST_STEP][PASSED] - click(findTestObject("Object Repository/Page_OrangeHRM/button_Login")): Object: 'Object Repository/Page_OrangeHRM/button_Login' is clicked on

2023-11-28 14:26:44 - [MESSAGE][PASSED] - Object: 'Object Repository/Page_OrangeHRM/button_Login' is clicked on

2023-11-28 14:26:44 - [TEST_STEP][PASSED] - closeBrowser(): Browser is closed

2023-11-28 14:26:44 - [MESSAGE][PASSED] - Browser is closed]]></system-out>
         <system-err><![CDATA[]]></system-err>
      </testcase>
      <system-out><![CDATA[2023-11-28 14:26:04 - [TEST_SUITE][PASSED] - Certification Test Suite: Test Cases/Login OHR]]></system-out>
      <system-err><![CDATA[]]></system-err>
   </testsuite>
</testsuites>
