<?xml version="1.0" encoding="UTF-8"?>
<testsuites name="Certification Test Suite 1" time="35.17" tests="3" failures="0" errors="0">
   <testsuite name="Certification Test Suite 1" tests="3" failures="0" errors="0" time="35.17" skipped="0" timestamp="2023-11-28 16:24:28" hostname="p80000642 - INBJHL80000642.CORP.DRREDDYS.COM" id="Test Suites/Certification Test Suite 1">
      <properties>
         <property name="deviceName" value=""/>
         <property name="devicePlatform" value=""/>
         <property name="logFolder" value="C:\\Users\\p80000642\\Katalon Studio\\My First Web UI Project\\Reports\\20231128_162240\\Certification Test Suite 1\\20231128_162245"/>
         <property name="logFiles" value="C:\\Users\\p80000642\\Katalon Studio\\My First Web UI Project\\Reports\\20231128_162240\\Certification Test Suite 1\\20231128_162245\\execution0.log"/>
         <property name="attachments" value=""/>
         <property name="hostName" value="p80000642 - INBJHL80000642.CORP.DRREDDYS.COM"/>
         <property name="os" value="Windows 10 64bit"/>
         <property name="katalonVersion" value="9.0.0.212"/>
         <property name="browser" value="Chrome 119.0.0.0"/>
         <property name="hostAddress" value="172.27.248.241"/>
         <property name="sessionId" value="d116f47b2457198a4900982d7a0cb358"/>
         <property name="seleniumVersion" value="3.141.59"/>
         <property name="proxyInformation" value="ProxyInformation { proxyOption=NO_PROXY, proxyServerType=HTTP, username=, password=********, proxyServerAddress=, proxyServerPort=0, executionList=&quot;&quot;, isApplyToDesiredCapabilities=true }"/>
         <property name="platform" value="Windows 10"/>
      </properties>
      <testcase name="Test Cases/Login OHR" time="8.457" classname="Test Cases/Login OHR" status="PASSED">
         <system-out><![CDATA[2023-11-28 16:24:28 - [TEST_CASE][PASSED] - Test Cases/Login OHR: Test Cases/Login OHR

2023-11-28 16:24:28 - [TEST_STEP][PASSED] - openBrowser(""): Browser is opened with url: ''

2023-11-28 16:24:28 - [MESSAGE][INFO] - Starting 'Chrome' driver

2023-11-28 16:24:28 - [MESSAGE][INFO] - Action delay is set to 0 milliseconds

2023-11-28 16:24:29 - [MESSAGE][PASSED] - Browser is opened with url: ''

2023-11-28 16:24:29 - [TEST_STEP][PASSED] - navigateToUrl("https://opensource-demo.orangehrmlive.com/web/index.php/auth/login"): Navigate to 'https://opensource-demo.orangehrmlive.com/web/index.php/auth/login' successfully

2023-11-28 16:24:34 - [MESSAGE][PASSED] - Navigate to 'https://opensource-demo.orangehrmlive.com/web/index.php/auth/login' successfully

2023-11-28 16:24:34 - [TEST_STEP][PASSED] - waitForPageLoad(100): Wait for page load successfully

2023-11-28 16:24:34 - [MESSAGE][PASSED] - Wait for page load successfully

2023-11-28 16:24:34 - [TEST_STEP][PASSED] - waitForElementPresent(findTestObject("Object Repository/Page_OrangeHRM/input_username"), 100): Object 'Object Repository/Page_OrangeHRM/input_username' is present

2023-11-28 16:24:35 - [MESSAGE][PASSED] - Object 'Object Repository/Page_OrangeHRM/input_username' is present

2023-11-28 16:24:35 - [TEST_STEP][PASSED] - setText(findTestObject("Object Repository/Page_OrangeHRM/input_username"), "Admin"): Text 'Admin' is set on object 'Object Repository/Page_OrangeHRM/input_username'

2023-11-28 16:24:35 - [MESSAGE][PASSED] - Text 'Admin' is set on object 'Object Repository/Page_OrangeHRM/input_username'

2023-11-28 16:24:35 - [TEST_STEP][PASSED] - setEncryptedText(findTestObject("Object Repository/Page_OrangeHRM/Page_OrangeHRM/input_Password_password"), "hUKwJTbofgPU9eVlw/CnDQ=="): Text ****** has been set on object 'Object Repository/Page_OrangeHRM/Page_OrangeHRM/input_Password_password'

2023-11-28 16:24:35 - [MESSAGE][PASSED] - Text ****** has been set on object 'Object Repository/Page_OrangeHRM/Page_OrangeHRM/input_Password_password'

2023-11-28 16:24:35 - [TEST_STEP][PASSED] - waitForElementClickable(findTestObject("Object Repository/Page_OrangeHRM/button_Login"), 50): Object 'Object Repository/Page_OrangeHRM/button_Login' is clickable

2023-11-28 16:24:36 - [MESSAGE][PASSED] - Object 'Object Repository/Page_OrangeHRM/button_Login' is clickable

2023-11-28 16:24:36 - [TEST_STEP][PASSED] - click(findTestObject("Object Repository/Page_OrangeHRM/button_Login")): Object: 'Object Repository/Page_OrangeHRM/button_Login' is clicked on

2023-11-28 16:24:36 - [MESSAGE][PASSED] - Object: 'Object Repository/Page_OrangeHRM/button_Login' is clicked on

2023-11-28 16:24:36 - [TEST_STEP][PASSED] - closeBrowser(): Browser is closed

2023-11-28 16:24:36 - [MESSAGE][PASSED] - Browser is closed]]></system-out>
         <system-err><![CDATA[]]></system-err>
      </testcase>
      <testcase name="Test Cases/Add Empl" time="13.829" classname="Test Cases/Add Empl" status="PASSED">
         <system-out><![CDATA[2023-11-28 16:24:36 - [TEST_CASE][PASSED] - Test Cases/Add Empl: Test Cases/Add Empl

2023-11-28 16:24:36 - [TEST_STEP][PASSED] - openBrowser(""): Browser is opened with url: ''

2023-11-28 16:24:36 - [MESSAGE][INFO] - Starting 'Chrome' driver

2023-11-28 16:24:36 - [MESSAGE][INFO] - Action delay is set to 0 milliseconds

2023-11-28 16:24:37 - [MESSAGE][PASSED] - Browser is opened with url: ''

2023-11-28 16:24:37 - [TEST_STEP][PASSED] - navigateToUrl("https://opensource-demo.orangehrmlive.com/web/index.php/auth/login"): Navigate to 'https://opensource-demo.orangehrmlive.com/web/index.php/auth/login' successfully

2023-11-28 16:24:41 - [MESSAGE][PASSED] - Navigate to 'https://opensource-demo.orangehrmlive.com/web/index.php/auth/login' successfully

2023-11-28 16:24:41 - [TEST_STEP][PASSED] - waitForPageLoad(100): Wait for page load successfully

2023-11-28 16:24:41 - [MESSAGE][PASSED] - Wait for page load successfully

2023-11-28 16:24:41 - [TEST_STEP][PASSED] - waitForElementPresent(findTestObject("Object Repository/Page_OrangeHRM/input_username"), 100): Object 'Object Repository/Page_OrangeHRM/input_username' is present

2023-11-28 16:24:42 - [MESSAGE][PASSED] - Object 'Object Repository/Page_OrangeHRM/input_username' is present

2023-11-28 16:24:42 - [TEST_STEP][PASSED] - setText(findTestObject("Object Repository/Page_OrangeHRM/input_username"), "Admin"): Text 'Admin' is set on object 'Object Repository/Page_OrangeHRM/input_username'

2023-11-28 16:24:42 - [MESSAGE][PASSED] - Text 'Admin' is set on object 'Object Repository/Page_OrangeHRM/input_username'

2023-11-28 16:24:42 - [TEST_STEP][PASSED] - setEncryptedText(findTestObject("Object Repository/Page_OrangeHRM/Page_OrangeHRM/input_Password_password"), "hUKwJTbofgPU9eVlw/CnDQ=="): Text ****** has been set on object 'Object Repository/Page_OrangeHRM/Page_OrangeHRM/input_Password_password'

2023-11-28 16:24:43 - [MESSAGE][PASSED] - Text ****** has been set on object 'Object Repository/Page_OrangeHRM/Page_OrangeHRM/input_Password_password'

2023-11-28 16:24:43 - [TEST_STEP][PASSED] - waitForElementClickable(findTestObject("Object Repository/Page_OrangeHRM/button_Login"), 50): Object 'Object Repository/Page_OrangeHRM/button_Login' is clickable

2023-11-28 16:24:43 - [MESSAGE][PASSED] - Object 'Object Repository/Page_OrangeHRM/button_Login' is clickable

2023-11-28 16:24:43 - [TEST_STEP][PASSED] - click(findTestObject("Object Repository/Page_OrangeHRM/button_Login")): Object: 'Object Repository/Page_OrangeHRM/button_Login' is clicked on

2023-11-28 16:24:43 - [MESSAGE][PASSED] - Object: 'Object Repository/Page_OrangeHRM/button_Login' is clicked on

2023-11-28 16:24:43 - [TEST_STEP][PASSED] - waitForPageLoad(100): Wait for page load successfully

2023-11-28 16:24:44 - [MESSAGE][PASSED] - Wait for page load successfully

2023-11-28 16:24:44 - [TEST_STEP][PASSED] - click(findTestObject("Object Repository/Page_OrangeHRM/a_PIM")): Object: 'Object Repository/Page_OrangeHRM/a_PIM' is clicked on

2023-11-28 16:24:48 - [MESSAGE][PASSED] - Object: 'Object Repository/Page_OrangeHRM/a_PIM' is clicked on

2023-11-28 16:24:48 - [TEST_STEP][PASSED] - waitForPageLoad(100): Wait for page load successfully

2023-11-28 16:24:48 - [MESSAGE][PASSED] - Wait for page load successfully

2023-11-28 16:24:48 - [TEST_STEP][PASSED] - click(findTestObject("Object Repository/Page_OrangeHRM/a_Add Employee")): Object: 'Object Repository/Page_OrangeHRM/a_Add Employee' is clicked on

2023-11-28 16:24:50 - [MESSAGE][PASSED] - Object: 'Object Repository/Page_OrangeHRM/a_Add Employee' is clicked on

2023-11-28 16:24:50 - [TEST_STEP][PASSED] - waitForPageLoad(50): Wait for page load successfully

2023-11-28 16:24:50 - [MESSAGE][PASSED] - Wait for page load successfully

2023-11-28 16:24:50 - [TEST_STEP][PASSED] - closeBrowser(): Browser is closed

2023-11-28 16:24:50 - [MESSAGE][PASSED] - Browser is closed]]></system-out>
         <system-err><![CDATA[]]></system-err>
      </testcase>
      <testcase name="Test Cases/WorkShift" time="12.75" classname="Test Cases/WorkShift" status="PASSED">
         <system-out><![CDATA[2023-11-28 16:24:50 - [TEST_CASE][PASSED] - Test Cases/WorkShift: Test Cases/WorkShift

2023-11-28 16:24:50 - [TEST_STEP][PASSED] - openBrowser(""): Browser is opened with url: ''

2023-11-28 16:24:50 - [MESSAGE][INFO] - Starting 'Chrome' driver

2023-11-28 16:24:50 - [MESSAGE][INFO] - Action delay is set to 0 milliseconds

2023-11-28 16:24:51 - [MESSAGE][PASSED] - Browser is opened with url: ''

2023-11-28 16:24:51 - [TEST_STEP][PASSED] - navigateToUrl("https://opensource-demo.orangehrmlive.com/web/index.php/auth/login"): Navigate to 'https://opensource-demo.orangehrmlive.com/web/index.php/auth/login' successfully

2023-11-28 16:24:54 - [MESSAGE][PASSED] - Navigate to 'https://opensource-demo.orangehrmlive.com/web/index.php/auth/login' successfully

2023-11-28 16:24:54 - [TEST_STEP][PASSED] - waitForPageLoad(100): Wait for page load successfully

2023-11-28 16:24:54 - [MESSAGE][PASSED] - Wait for page load successfully

2023-11-28 16:24:54 - [TEST_STEP][PASSED] - waitForElementPresent(findTestObject("Object Repository/Page_OrangeHRM/input_username"), 100): Object 'Object Repository/Page_OrangeHRM/input_username' is present

2023-11-28 16:24:55 - [MESSAGE][PASSED] - Object 'Object Repository/Page_OrangeHRM/input_username' is present

2023-11-28 16:24:55 - [TEST_STEP][PASSED] - setText(findTestObject("Object Repository/Page_OrangeHRM/input_username"), "Admin"): Text 'Admin' is set on object 'Object Repository/Page_OrangeHRM/input_username'

2023-11-28 16:24:55 - [MESSAGE][PASSED] - Text 'Admin' is set on object 'Object Repository/Page_OrangeHRM/input_username'

2023-11-28 16:24:55 - [TEST_STEP][PASSED] - setEncryptedText(findTestObject("Object Repository/Page_OrangeHRM/Page_OrangeHRM/input_Password_password"), "hUKwJTbofgPU9eVlw/CnDQ=="): Text ****** has been set on object 'Object Repository/Page_OrangeHRM/Page_OrangeHRM/input_Password_password'

2023-11-28 16:24:56 - [MESSAGE][PASSED] - Text ****** has been set on object 'Object Repository/Page_OrangeHRM/Page_OrangeHRM/input_Password_password'

2023-11-28 16:24:56 - [TEST_STEP][PASSED] - waitForElementClickable(findTestObject("Object Repository/Page_OrangeHRM/button_Login"), 50): Object 'Object Repository/Page_OrangeHRM/button_Login' is clickable

2023-11-28 16:24:56 - [MESSAGE][PASSED] - Object 'Object Repository/Page_OrangeHRM/button_Login' is clickable

2023-11-28 16:24:56 - [TEST_STEP][PASSED] - click(findTestObject("Object Repository/Page_OrangeHRM/button_Login")): Object: 'Object Repository/Page_OrangeHRM/button_Login' is clicked on

2023-11-28 16:24:56 - [MESSAGE][PASSED] - Object: 'Object Repository/Page_OrangeHRM/button_Login' is clicked on

2023-11-28 16:24:56 - [TEST_STEP][PASSED] - waitForPageLoad(100): Wait for page load successfully

2023-11-28 16:24:57 - [MESSAGE][PASSED] - Wait for page load successfully

2023-11-28 16:24:57 - [TEST_STEP][PASSED] - click(findTestObject("Object Repository/Page_OrangeHRM/a_Admin")): Object: 'Object Repository/Page_OrangeHRM/a_Admin' is clicked on

2023-11-28 16:25:00 - [MESSAGE][PASSED] - Object: 'Object Repository/Page_OrangeHRM/a_Admin' is clicked on

2023-11-28 16:25:00 - [TEST_STEP][PASSED] - click(findTestObject("Object Repository/Page_OrangeHRM/i_oxd-icon bi-chevron-down")): Object: 'Object Repository/Page_OrangeHRM/i_oxd-icon bi-chevron-down' is clicked on

2023-11-28 16:25:02 - [MESSAGE][PASSED] - Object: 'Object Repository/Page_OrangeHRM/i_oxd-icon bi-chevron-down' is clicked on

2023-11-28 16:25:02 - [TEST_STEP][PASSED] - click(findTestObject("Object Repository/Page_OrangeHRM/a_Work Shifts")): Object: 'Object Repository/Page_OrangeHRM/a_Work Shifts' is clicked on

2023-11-28 16:25:03 - [MESSAGE][PASSED] - Object: 'Object Repository/Page_OrangeHRM/a_Work Shifts' is clicked on

2023-11-28 16:25:03 - [TEST_STEP][PASSED] - closeBrowser(): Browser is closed

2023-11-28 16:25:03 - [MESSAGE][PASSED] - Browser is closed]]></system-out>
         <system-err><![CDATA[]]></system-err>
      </testcase>
      <system-out><![CDATA[2023-11-28 16:24:28 - [TEST_SUITE][PASSED] - Certification Test Suite 1: Test Cases/WorkShift]]></system-out>
      <system-err><![CDATA[]]></system-err>
   </testsuite>
</testsuites>
