<?xml version="1.0" encoding="UTF-8"?>
<testsuites name="API Test case" time="10.99" tests="1" failures="0" errors="0">
   <testsuite name="API Test case" tests="1" failures="0" errors="0" time="10.99" skipped="0" timestamp="2023-12-02 10:32:02" hostname="p80000642 - INBJHL80000642.CORP.DRREDDYS.COM" id="Test Suites/API Test case">
      <properties>
         <property name="deviceName" value=""/>
         <property name="devicePlatform" value=""/>
         <property name="logFolder" value="C:\\Users\\p80000642\\Katalon Studio\\My First Web UI Project\\Reports\\20231202_103156\\API Test case\\20231202_103156"/>
         <property name="logFiles" value="C:\\Users\\p80000642\\Katalon Studio\\My First Web UI Project\\Reports\\20231202_103156\\API Test case\\20231202_103156\\execution0.log"/>
         <property name="attachments" value=""/>
         <property name="hostName" value="p80000642 - INBJHL80000642.CORP.DRREDDYS.COM"/>
         <property name="os" value="Windows 10 64bit"/>
         <property name="katalonVersion" value="9.0.0.212"/>
         <property name="browser" value="Chrome 119.0.0.0"/>
         <property name="hostAddress" value="192.168.0.106"/>
         <property name="sessionId" value="4f8f0109c563ce5b7638c5f65d64b099"/>
         <property name="seleniumVersion" value="3.141.59"/>
         <property name="proxyInformation" value="ProxyInformation { proxyOption=NO_PROXY, proxyServerType=HTTP, username=, password=********, proxyServerAddress=, proxyServerPort=0, executionList=&quot;&quot;, isApplyToDesiredCapabilities=true }"/>
         <property name="platform" value="Windows 10"/>
      </properties>
      <testcase name="Test Cases/Login OHR - API" time="10.797" classname="Test Cases/Login OHR - API" status="PASSED">
         <system-out><![CDATA[2023-12-02 10:32:02 - [TEST_CASE][PASSED] - Test Cases/Login OHR - API: Test Cases/Login OHR - API

2023-12-02 10:32:02 - [TEST_STEP][PASSED] - openBrowser(""): Browser is opened with url: ''

2023-12-02 10:32:03 - [MESSAGE][INFO] - Starting 'Chrome' driver

2023-12-02 10:32:03 - [MESSAGE][INFO] - Action delay is set to 0 milliseconds

2023-12-02 10:32:05 - [MESSAGE][PASSED] - Browser is opened with url: ''

2023-12-02 10:32:05 - [TEST_STEP][PASSED] - navigateToUrl("https://opensource-demo.orangehrmlive.com/web/index.php/auth/login"): Navigate to 'https://opensource-demo.orangehrmlive.com/web/index.php/auth/login' successfully

2023-12-02 10:32:09 - [MESSAGE][PASSED] - Navigate to 'https://opensource-demo.orangehrmlive.com/web/index.php/auth/login' successfully

2023-12-02 10:32:09 - [TEST_STEP][PASSED] - waitForPageLoad(100): Wait for page load successfully

2023-12-02 10:32:09 - [MESSAGE][PASSED] - Wait for page load successfully

2023-12-02 10:32:09 - [TEST_STEP][PASSED] - waitForElementPresent(findTestObject("Object Repository/Page_OrangeHRM/input_username"), 100): Object 'Object Repository/Page_OrangeHRM/input_username' is present

2023-12-02 10:32:10 - [MESSAGE][PASSED] - Object 'Object Repository/Page_OrangeHRM/input_username' is present

2023-12-02 10:32:10 - [TEST_STEP][PASSED] - setText(findTestObject("Object Repository/Page_OrangeHRM/input_username"), "Admin"): Text 'Admin' is set on object 'Object Repository/Page_OrangeHRM/input_username'

2023-12-02 10:32:10 - [MESSAGE][PASSED] - Text 'Admin' is set on object 'Object Repository/Page_OrangeHRM/input_username'

2023-12-02 10:32:10 - [TEST_STEP][PASSED] - iresp = sendRequest(findTestObject("Object Repository/GET user by id")): Send request successfully

2023-12-02 10:32:12 - [MESSAGE][INFO] - HAR: C:\Users\p80000642\Katalon Studio\My First Web UI Project\Reports\20231202_103156\API Test case\20231202_103156\requests\main\0.har

2023-12-02 10:32:12 - [MESSAGE][PASSED] - Send request successfully

2023-12-02 10:32:12 - [TEST_STEP][PASSED] - getResponseStatusCode(iresp): null

2023-12-02 10:32:12 - [TEST_STEP][PASSED] - println(getResponseStatusCode(iresp)): null

2023-12-02 10:32:12 - [TEST_STEP][PASSED] - closeBrowser(): Browser is closed

2023-12-02 10:32:13 - [MESSAGE][PASSED] - Browser is closed]]></system-out>
         <system-err><![CDATA[]]></system-err>
      </testcase>
      <system-out><![CDATA[2023-12-02 10:32:02 - [TEST_SUITE][PASSED] - API Test case: Test Cases/Login OHR - API]]></system-out>
      <system-err><![CDATA[]]></system-err>
   </testsuite>
</testsuites>
